got 7 distinct urls from URL('https://www.amazon.cn/s/ref=lp_658390051_nr_n_6?fst=as:off&rh=n:658390051,n:!658391051,n:658683051&bbn=658391051&ie=UTF8&qid=1511768359&rnid=658391051')
previous url: https://www.amazon.cn/s/ref=lp_658390051_nr_n_6?fst=as:off&rh=n:658390051,n:!658391051,n:658683051&bbn=658391051&ie=UTF8&qid=1511768359&rnid=658391051, next url: https://www.amazon.cn/s/ref=lp_658683051_nr_n_4/460-6313657-8186361?fst=as%3Aoff&rh=n%3A658390051%2Cn%3A%21658391051%2Cn%3A658683051%2Cn%3A660299051&bbn=658683051&ie=UTF8&qid=1511789104&rnid=658683051, title: 家教案例
previous url: https://www.amazon.cn/s/ref=lp_658390051_nr_n_6?fst=as:off&rh=n:658390051,n:!658391051,n:658683051&bbn=658391051&ie=UTF8&qid=1511768359&rnid=658391051, next url: https://www.amazon.cn/s/ref=lp_658683051_nr_n_2/460-6313657-8186361?fst=as%3Aoff&rh=n%3A658390051%2Cn%3A%21658391051%2Cn%3A658683051%2Cn%3A660297051&bbn=658683051&ie=UTF8&qid=1511789104&rnid=658683051, title: 素质教育
previous url: https://www.amazon.cn/s/ref=lp_658390051_nr_n_6?fst=as:off&rh=n:658390051,n:!658391051,n:658683051&bbn=658391051&ie=UTF8&qid=1511768359&rnid=658391051, next url: https://www.amazon.cn/s/ref=lp_658683051_nr_n_1/460-6313657-8186361?fst=as%3Aoff&rh=n%3A658390051%2Cn%3A%21658391051%2Cn%3A658683051%2Cn%3A660295051&bbn=658683051&ie=UTF8&qid=1511789104&rnid=658683051, title: 家教方案方法
previous url: https://www.amazon.cn/s/ref=lp_658390051_nr_n_6?fst=as:off&rh=n:658390051,n:!658391051,n:658683051&bbn=658391051&ie=UTF8&qid=1511768359&rnid=658391051, next url: https://www.amazon.cn/s/ref=lp_658683051_nr_n_0/460-6313657-8186361?fst=as%3Aoff&rh=n%3A658390051%2Cn%3A%21658391051%2Cn%3A658683051%2Cn%3A660294051&bbn=658683051&ie=UTF8&qid=1511789104&rnid=658683051, title: 家教理论
previous url: https://www.amazon.cn/s/ref=lp_658390051_nr_n_6?fst=as:off&rh=n:658390051,n:!658391051,n:658683051&bbn=658391051&ie=UTF8&qid=1511768359&rnid=658391051, next url: https://www.amazon.cn/s/ref=lp_658683051_nr_n_5/460-6313657-8186361?fst=as%3Aoff&rh=n%3A658390051%2Cn%3A%21658391051%2Cn%3A658683051%2Cn%3A2180134051&bbn=658683051&ie=UTF8&qid=1511789104&rnid=658683051, title: 学前教育
previous url: https://www.amazon.cn/s/ref=lp_658390051_nr_n_6?fst=as:off&rh=n:658390051,n:!658391051,n:658683051&bbn=658391051&ie=UTF8&qid=1511768359&rnid=658391051, next url: https://www.amazon.cn/s/ref=lp_658683051_nr_n_6/460-6313657-8186361?fst=as%3Aoff&rh=n%3A658390051%2Cn%3A%21658391051%2Cn%3A658683051%2Cn%3A660213051&bbn=658683051&ie=UTF8&qid=1511789104&rnid=658683051, title: 儿童心理
previous url: https://www.amazon.cn/s/ref=lp_658390051_nr_n_6?fst=as:off&rh=n:658390051,n:!658391051,n:658683051&bbn=658391051&ie=UTF8&qid=1511768359&rnid=658391051, next url: https://www.amazon.cn/s/ref=lp_658683051_nr_n_3/460-6313657-8186361?fst=as%3Aoff&rh=n%3A658390051%2Cn%3A%21658391051%2Cn%3A658683051%2Cn%3A660298051&bbn=658683051&ie=UTF8&qid=1511789104&rnid=658683051, title: 青春期教育
细分分类价格链接: https://www.amazon.cn/s/ref=lp_658683051_nr_n_4/460-6313657-8186361?fst=as:off&rh=n:658390051,n:!658391051,n:658683051,n:660299051&bbn=658683051&ie=UTF8&qid=1511789104&rnid=658683051&low-price=1&high-price=2 
细分分类价格链接: https://www.amazon.cn/s/ref=lp_658683051_nr_n_4/460-6313657-8186361?fst=as:off&rh=n:658390051,n:!658391051,n:658683051,n:660299051&bbn=658683051&ie=UTF8&qid=1511789104&rnid=658683051&low-price=3&high-price=4 
细分分类价格链接: https://www.amazon.cn/s/ref=lp_658683051_nr_n_4/460-6313657-8186361?fst=as:off&rh=n:658390051,n:!658391051,n:658683051,n:660299051&bbn=658683051&ie=UTF8&qid=1511789104&rnid=658683051&low-price=5&high-price=6 
细分分类价格链接: https://www.amazon.cn/s/ref=lp_658683051_nr_n_4/460-6313657-8186361?fst=as:off&rh=n:658390051,n:!658391051,n:658683051,n:660299051&bbn=658683051&ie=UTF8&qid=1511789104&rnid=658683051&low-price=7&high-price=8 
细分分类价格链接: https://www.amazon.cn/s/ref=lp_658683051_nr_n_4/460-6313657-8186361?fst=as:off&rh=n:658390051,n:!658391051,n:658683051,n:660299051&bbn=658683051&ie=UTF8&qid=1511789104&rnid=658683051&low-price=9&high-price=10 
细分分类价格链接: https://www.amazon.cn/s/ref=lp_658683051_nr_n_4/460-6313657-8186361?fst=as:off&rh=n:658390051,n:!658391051,n:658683051,n:660299051&bbn=658683051&ie=UTF8&qid=1511789104&rnid=658683051&low-price=11&high-price=12 
细分分类价格链接: https://www.amazon.cn/s/ref=lp_658683051_nr_n_4/460-6313657-8186361?fst=as:off&rh=n:658390051,n:!658391051,n:658683051,n:660299051&bbn=658683051&ie=UTF8&qid=1511789104&rnid=658683051&low-price=13&high-price=14 
细分分类价格链接: https://www.amazon.cn/s/ref=lp_658683051_nr_n_4/460-6313657-8186361?fst=as:off&rh=n:658390051,n:!658391051,n:658683051,n:660299051&bbn=658683051&ie=UTF8&qid=1511789104&rnid=658683051&low-price=15&high-price=16 
细分分类价格链接: https://www.amazon.cn/s/ref=lp_658683051_nr_n_4/460-6313657-8186361?fst=as:off&rh=n:658390051,n:!658391051,n:658683051,n:660299051&bbn=658683051&ie=UTF8&qid=1511789104&rnid=658683051&low-price=17&high-price=18 
细分分类价格链接: https://www.amazon.cn/s/ref=lp_658683051_nr_n_4/460-6313657-8186361?fst=as:off&rh=n:658390051,n:!658391051,n:658683051,n:660299051&bbn=658683051&ie=UTF8&qid=1511789104&rnid=658683051&low-price=19&high-price=20 
细分分类价格链接: https://www.amazon.cn/s/ref=lp_658683051_nr_n_4/460-6313657-8186361?fst=as:off&rh=n:658390051,n:!658391051,n:658683051,n:660299051&bbn=658683051&ie=UTF8&qid=1511789104&rnid=658683051&low-price=21&high-price=22 
细分分类价格链接: https://www.amazon.cn/s/ref=lp_658683051_nr_n_4/460-6313657-8186361?fst=as:off&rh=n:658390051,n:!658391051,n:658683051,n:660299051&bbn=658683051&ie=UTF8&qid=1511789104&rnid=658683051&low-price=23&high-price=24 
细分分类价格链接: https://www.amazon.cn/s/ref=lp_658683051_nr_n_4/460-6313657-8186361?fst=as:off&rh=n:658390051,n:!658391051,n:658683051,n:660299051&bbn=658683051&ie=UTF8&qid=1511789104&rnid=658683051&low-price=25&high-price=26 
细分分类价格链接: https://www.amazon.cn/s/ref=lp_658683051_nr_n_4/460-6313657-8186361?fst=as:off&rh=n:658390051,n:!658391051,n:658683051,n:660299051&bbn=658683051&ie=UTF8&qid=1511789104&rnid=658683051&low-price=27&high-price=28 
细分分类价格链接: https://www.amazon.cn/s/ref=lp_658683051_nr_n_4/460-6313657-8186361?fst=as:off&rh=n:658390051,n:!658391051,n:658683051,n:660299051&bbn=658683051&ie=UTF8&qid=1511789104&rnid=658683051&low-price=29&high-price=30 
细分分类价格链接: https://www.amazon.cn/s/ref=lp_658683051_nr_n_4/460-6313657-8186361?fst=as:off&rh=n:658390051,n:!658391051,n:658683051,n:660299051&bbn=658683051&ie=UTF8&qid=1511789104&rnid=658683051&low-price=31&high-price=32 
细分分类价格链接: https://www.amazon.cn/s/ref=lp_658683051_nr_n_4/460-6313657-8186361?fst=as:off&rh=n:658390051,n:!658391051,n:658683051,n:660299051&bbn=658683051&ie=UTF8&qid=1511789104&rnid=658683051&low-price=33&high-price=34 
细分分类价格链接: https://www.amazon.cn/s/ref=lp_658683051_nr_n_4/460-6313657-8186361?fst=as:off&rh=n:658390051,n:!658391051,n:658683051,n:660299051&bbn=658683051&ie=UTF8&qid=1511789104&rnid=658683051&low-price=35&high-price=36 
细分分类价格链接: https://www.amazon.cn/s/ref=lp_658683051_nr_n_4/460-6313657-8186361?fst=as:off&rh=n:658390051,n:!658391051,n:658683051,n:660299051&bbn=658683051&ie=UTF8&qid=1511789104&rnid=658683051&low-price=37&high-price=38 
细分分类价格链接: https://www.amazon.cn/s/ref=lp_658683051_nr_n_4/460-6313657-8186361?fst=as:off&rh=n:658390051,n:!658391051,n:658683051,n:660299051&bbn=658683051&ie=UTF8&qid=1511789104&rnid=658683051&low-price=39&high-price=40 
细分分类价格链接: https://www.amazon.cn/s/ref=lp_658683051_nr_n_4/460-6313657-8186361?fst=as:off&rh=n:658390051,n:!658391051,n:658683051,n:660299051&bbn=658683051&ie=UTF8&qid=1511789104&rnid=658683051&low-price=41&high-price=42 
细分分类价格链接: https://www.amazon.cn/s/ref=lp_658683051_nr_n_4/460-6313657-8186361?fst=as:off&rh=n:658390051,n:!658391051,n:658683051,n:660299051&bbn=658683051&ie=UTF8&qid=1511789104&rnid=658683051&low-price=43&high-price=44 
细分分类价格链接: https://www.amazon.cn/s/ref=lp_658683051_nr_n_4/460-6313657-8186361?fst=as:off&rh=n:658390051,n:!658391051,n:658683051,n:660299051&bbn=658683051&ie=UTF8&qid=1511789104&rnid=658683051&low-price=45&high-price=46 
细分分类价格链接: https://www.amazon.cn/s/ref=lp_658683051_nr_n_4/460-6313657-8186361?fst=as:off&rh=n:658390051,n:!658391051,n:658683051,n:660299051&bbn=658683051&ie=UTF8&qid=1511789104&rnid=658683051&low-price=47&high-price=48 
细分分类价格链接: https://www.amazon.cn/s/ref=lp_658683051_nr_n_4/460-6313657-8186361?fst=as:off&rh=n:658390051,n:!658391051,n:658683051,n:660299051&bbn=658683051&ie=UTF8&qid=1511789104&rnid=658683051&low-price=49&high-price=50 
细分分类价格链接: https://www.amazon.cn/s/ref=lp_658683051_nr_n_4/460-6313657-8186361?fst=as:off&rh=n:658390051,n:!658391051,n:658683051,n:660299051&bbn=658683051&ie=UTF8&qid=1511789104&rnid=658683051&low-price=51&high-price=52 
细分分类价格链接: https://www.amazon.cn/s/ref=lp_658683051_nr_n_4/460-6313657-8186361?fst=as:off&rh=n:658390051,n:!658391051,n:658683051,n:660299051&bbn=658683051&ie=UTF8&qid=1511789104&rnid=658683051&low-price=53&high-price=54 
细分分类价格链接: https://www.amazon.cn/s/ref=lp_658683051_nr_n_4/460-6313657-8186361?fst=as:off&rh=n:658390051,n:!658391051,n:658683051,n:660299051&bbn=658683051&ie=UTF8&qid=1511789104&rnid=658683051&low-price=55&high-price=56 
细分分类价格链接: https://www.amazon.cn/s/ref=lp_658683051_nr_n_4/460-6313657-8186361?fst=as:off&rh=n:658390051,n:!658391051,n:658683051,n:660299051&bbn=658683051&ie=UTF8&qid=1511789104&rnid=658683051&low-price=57&high-price=58 
细分分类价格链接: https://www.amazon.cn/s/ref=lp_658683051_nr_n_4/460-6313657-8186361?fst=as:off&rh=n:658390051,n:!658391051,n:658683051,n:660299051&bbn=658683051&ie=UTF8&qid=1511789104&rnid=658683051&low-price=59&high-price=60 
细分分类价格链接: https://www.amazon.cn/s/ref=lp_658683051_nr_n_4/460-6313657-8186361?fst=as:off&rh=n:658390051,n:!658391051,n:658683051,n:660299051&bbn=658683051&ie=UTF8&qid=1511789104&rnid=658683051&low-price=61&high-price=62 
细分分类价格链接: https://www.amazon.cn/s/ref=lp_658683051_nr_n_4/460-6313657-8186361?fst=as:off&rh=n:658390051,n:!658391051,n:658683051,n:660299051&bbn=658683051&ie=UTF8&qid=1511789104&rnid=658683051&low-price=63&high-price=64 
细分分类价格链接: https://www.amazon.cn/s/ref=lp_658683051_nr_n_4/460-6313657-8186361?fst=as:off&rh=n:658390051,n:!658391051,n:658683051,n:660299051&bbn=658683051&ie=UTF8&qid=1511789104&rnid=658683051&low-price=65&high-price=66 
细分分类价格链接: https://www.amazon.cn/s/ref=lp_658683051_nr_n_4/460-6313657-8186361?fst=as:off&rh=n:658390051,n:!658391051,n:658683051,n:660299051&bbn=658683051&ie=UTF8&qid=1511789104&rnid=658683051&low-price=67&high-price=68 
细分分类价格链接: https://www.amazon.cn/s/ref=lp_658683051_nr_n_4/460-6313657-8186361?fst=as:off&rh=n:658390051,n:!658391051,n:658683051,n:660299051&bbn=658683051&ie=UTF8&qid=1511789104&rnid=658683051&low-price=69&high-price=70 
细分分类价格链接: https://www.amazon.cn/s/ref=lp_658683051_nr_n_4/460-6313657-8186361?fst=as:off&rh=n:658390051,n:!658391051,n:658683051,n:660299051&bbn=658683051&ie=UTF8&qid=1511789104&rnid=658683051&low-price=71&high-price=72 
细分分类价格链接: https://www.amazon.cn/s/ref=lp_658683051_nr_n_4/460-6313657-8186361?fst=as:off&rh=n:658390051,n:!658391051,n:658683051,n:660299051&bbn=658683051&ie=UTF8&qid=1511789104&rnid=658683051&low-price=73&high-price=74 
细分分类价格链接: https://www.amazon.cn/s/ref=lp_658683051_nr_n_4/460-6313657-8186361?fst=as:off&rh=n:658390051,n:!658391051,n:658683051,n:660299051&bbn=658683051&ie=UTF8&qid=1511789104&rnid=658683051&low-price=75&high-price=76 
细分分类价格链接: https://www.amazon.cn/s/ref=lp_658683051_nr_n_4/460-6313657-8186361?fst=as:off&rh=n:658390051,n:!658391051,n:658683051,n:660299051&bbn=658683051&ie=UTF8&qid=1511789104&rnid=658683051&low-price=77&high-price=78 
细分分类价格链接: https://www.amazon.cn/s/ref=lp_658683051_nr_n_4/460-6313657-8186361?fst=as:off&rh=n:658390051,n:!658391051,n:658683051,n:660299051&bbn=658683051&ie=UTF8&qid=1511789104&rnid=658683051&low-price=79&high-price=80 
细分分类价格链接: https://www.amazon.cn/s/ref=lp_658683051_nr_n_4/460-6313657-8186361?fst=as:off&rh=n:658390051,n:!658391051,n:658683051,n:660299051&bbn=658683051&ie=UTF8&qid=1511789104&rnid=658683051&low-price=81&high-price=82 
细分分类价格链接: https://www.amazon.cn/s/ref=lp_658683051_nr_n_4/460-6313657-8186361?fst=as:off&rh=n:658390051,n:!658391051,n:658683051,n:660299051&bbn=658683051&ie=UTF8&qid=1511789104&rnid=658683051&low-price=83&high-price=84 
细分分类价格链接: https://www.amazon.cn/s/ref=lp_658683051_nr_n_4/460-6313657-8186361?fst=as:off&rh=n:658390051,n:!658391051,n:658683051,n:660299051&bbn=658683051&ie=UTF8&qid=1511789104&rnid=658683051&low-price=85&high-price=86 
细分分类价格链接: https://www.amazon.cn/s/ref=lp_658683051_nr_n_4/460-6313657-8186361?fst=as:off&rh=n:658390051,n:!658391051,n:658683051,n:660299051&bbn=658683051&ie=UTF8&qid=1511789104&rnid=658683051&low-price=87&high-price=88 
细分分类价格链接: https://www.amazon.cn/s/ref=lp_658683051_nr_n_4/460-6313657-8186361?fst=as:off&rh=n:658390051,n:!658391051,n:658683051,n:660299051&bbn=658683051&ie=UTF8&qid=1511789104&rnid=658683051&low-price=89&high-price=90 
细分分类价格链接: https://www.amazon.cn/s/ref=lp_658683051_nr_n_4/460-6313657-8186361?fst=as:off&rh=n:658390051,n:!658391051,n:658683051,n:660299051&bbn=658683051&ie=UTF8&qid=1511789104&rnid=658683051&low-price=91&high-price=92 
细分分类价格链接: https://www.amazon.cn/s/ref=lp_658683051_nr_n_4/460-6313657-8186361?fst=as:off&rh=n:658390051,n:!658391051,n:658683051,n:660299051&bbn=658683051&ie=UTF8&qid=1511789104&rnid=658683051&low-price=93&high-price=94 
细分分类价格链接: https://www.amazon.cn/s/ref=lp_658683051_nr_n_4/460-6313657-8186361?fst=as:off&rh=n:658390051,n:!658391051,n:658683051,n:660299051&bbn=658683051&ie=UTF8&qid=1511789104&rnid=658683051&low-price=95&high-price=96 
细分分类价格链接: https://www.amazon.cn/s/ref=lp_658683051_nr_n_4/460-6313657-8186361?fst=as:off&rh=n:658390051,n:!658391051,n:658683051,n:660299051&bbn=658683051&ie=UTF8&qid=1511789104&rnid=658683051&low-price=97&high-price=98 
细分分类价格链接: https://www.amazon.cn/s/ref=lp_658683051_nr_n_4/460-6313657-8186361?fst=as:off&rh=n:658390051,n:!658391051,n:658683051,n:660299051&bbn=658683051&ie=UTF8&qid=1511789104&rnid=658683051&low-price=99&high-price=100 
细分分类价格链接: https://www.amazon.cn/s/ref=lp_658683051_nr_n_3/460-6313657-8186361?fst=as:off&rh=n:658390051,n:!658391051,n:658683051,n:660298051&bbn=658683051&ie=UTF8&qid=1511789104&rnid=658683051&low-price=1&high-price=2 
细分分类价格链接: https://www.amazon.cn/s/ref=lp_658683051_nr_n_3/460-6313657-8186361?fst=as:off&rh=n:658390051,n:!658391051,n:658683051,n:660298051&bbn=658683051&ie=UTF8&qid=1511789104&rnid=658683051&low-price=3&high-price=4 
细分分类价格链接: https://www.amazon.cn/s/ref=lp_658683051_nr_n_3/460-6313657-8186361?fst=as:off&rh=n:658390051,n:!658391051,n:658683051,n:660298051&bbn=658683051&ie=UTF8&qid=1511789104&rnid=658683051&low-price=5&high-price=6 
细分分类价格链接: https://www.amazon.cn/s/ref=lp_658683051_nr_n_3/460-6313657-8186361?fst=as:off&rh=n:658390051,n:!658391051,n:658683051,n:660298051&bbn=658683051&ie=UTF8&qid=1511789104&rnid=658683051&low-price=7&high-price=8 
细分分类价格链接: https://www.amazon.cn/s/ref=lp_658683051_nr_n_3/460-6313657-8186361?fst=as:off&rh=n:658390051,n:!658391051,n:658683051,n:660298051&bbn=658683051&ie=UTF8&qid=1511789104&rnid=658683051&low-price=9&high-price=10 
细分分类价格链接: https://www.amazon.cn/s/ref=lp_658683051_nr_n_3/460-6313657-8186361?fst=as:off&rh=n:658390051,n:!658391051,n:658683051,n:660298051&bbn=658683051&ie=UTF8&qid=1511789104&rnid=658683051&low-price=11&high-price=12 
细分分类价格链接: https://www.amazon.cn/s/ref=lp_658683051_nr_n_3/460-6313657-8186361?fst=as:off&rh=n:658390051,n:!658391051,n:658683051,n:660298051&bbn=658683051&ie=UTF8&qid=1511789104&rnid=658683051&low-price=13&high-price=14 
细分分类价格链接: https://www.amazon.cn/s/ref=lp_658683051_nr_n_3/460-6313657-8186361?fst=as:off&rh=n:658390051,n:!658391051,n:658683051,n:660298051&bbn=658683051&ie=UTF8&qid=1511789104&rnid=658683051&low-price=15&high-price=16 
细分分类价格链接: https://www.amazon.cn/s/ref=lp_658683051_nr_n_3/460-6313657-8186361?fst=as:off&rh=n:658390051,n:!658391051,n:658683051,n:660298051&bbn=658683051&ie=UTF8&qid=1511789104&rnid=658683051&low-price=17&high-price=18 
细分分类价格链接: https://www.amazon.cn/s/ref=lp_658683051_nr_n_3/460-6313657-8186361?fst=as:off&rh=n:658390051,n:!658391051,n:658683051,n:660298051&bbn=658683051&ie=UTF8&qid=1511789104&rnid=658683051&low-price=19&high-price=20 
细分分类价格链接: https://www.amazon.cn/s/ref=lp_658683051_nr_n_3/460-6313657-8186361?fst=as:off&rh=n:658390051,n:!658391051,n:658683051,n:660298051&bbn=658683051&ie=UTF8&qid=1511789104&rnid=658683051&low-price=21&high-price=22 
细分分类价格链接: https://www.amazon.cn/s/ref=lp_658683051_nr_n_3/460-6313657-8186361?fst=as:off&rh=n:658390051,n:!658391051,n:658683051,n:660298051&bbn=658683051&ie=UTF8&qid=1511789104&rnid=658683051&low-price=23&high-price=24 
细分分类价格链接: https://www.amazon.cn/s/ref=lp_658683051_nr_n_3/460-6313657-8186361?fst=as:off&rh=n:658390051,n:!658391051,n:658683051,n:660298051&bbn=658683051&ie=UTF8&qid=1511789104&rnid=658683051&low-price=25&high-price=26 
细分分类价格链接: https://www.amazon.cn/s/ref=lp_658683051_nr_n_3/460-6313657-8186361?fst=as:off&rh=n:658390051,n:!658391051,n:658683051,n:660298051&bbn=658683051&ie=UTF8&qid=1511789104&rnid=658683051&low-price=27&high-price=28 
细分分类价格链接: https://www.amazon.cn/s/ref=lp_658683051_nr_n_3/460-6313657-8186361?fst=as:off&rh=n:658390051,n:!658391051,n:658683051,n:660298051&bbn=658683051&ie=UTF8&qid=1511789104&rnid=658683051&low-price=29&high-price=30 
细分分类价格链接: https://www.amazon.cn/s/ref=lp_658683051_nr_n_3/460-6313657-8186361?fst=as:off&rh=n:658390051,n:!658391051,n:658683051,n:660298051&bbn=658683051&ie=UTF8&qid=1511789104&rnid=658683051&low-price=31&high-price=32 
细分分类价格链接: https://www.amazon.cn/s/ref=lp_658683051_nr_n_3/460-6313657-8186361?fst=as:off&rh=n:658390051,n:!658391051,n:658683051,n:660298051&bbn=658683051&ie=UTF8&qid=1511789104&rnid=658683051&low-price=33&high-price=34 
细分分类价格链接: https://www.amazon.cn/s/ref=lp_658683051_nr_n_3/460-6313657-8186361?fst=as:off&rh=n:658390051,n:!658391051,n:658683051,n:660298051&bbn=658683051&ie=UTF8&qid=1511789104&rnid=658683051&low-price=35&high-price=36 
细分分类价格链接: https://www.amazon.cn/s/ref=lp_658683051_nr_n_3/460-6313657-8186361?fst=as:off&rh=n:658390051,n:!658391051,n:658683051,n:660298051&bbn=658683051&ie=UTF8&qid=1511789104&rnid=658683051&low-price=37&high-price=38 
细分分类价格链接: https://www.amazon.cn/s/ref=lp_658683051_nr_n_3/460-6313657-8186361?fst=as:off&rh=n:658390051,n:!658391051,n:658683051,n:660298051&bbn=658683051&ie=UTF8&qid=1511789104&rnid=658683051&low-price=39&high-price=40 
细分分类价格链接: https://www.amazon.cn/s/ref=lp_658683051_nr_n_3/460-6313657-8186361?fst=as:off&rh=n:658390051,n:!658391051,n:658683051,n:660298051&bbn=658683051&ie=UTF8&qid=1511789104&rnid=658683051&low-price=41&high-price=42 
细分分类价格链接: https://www.amazon.cn/s/ref=lp_658683051_nr_n_3/460-6313657-8186361?fst=as:off&rh=n:658390051,n:!658391051,n:658683051,n:660298051&bbn=658683051&ie=UTF8&qid=1511789104&rnid=658683051&low-price=43&high-price=44 
细分分类价格链接: https://www.amazon.cn/s/ref=lp_658683051_nr_n_3/460-6313657-8186361?fst=as:off&rh=n:658390051,n:!658391051,n:658683051,n:660298051&bbn=658683051&ie=UTF8&qid=1511789104&rnid=658683051&low-price=45&high-price=46 
细分分类价格链接: https://www.amazon.cn/s/ref=lp_658683051_nr_n_3/460-6313657-8186361?fst=as:off&rh=n:658390051,n:!658391051,n:658683051,n:660298051&bbn=658683051&ie=UTF8&qid=1511789104&rnid=658683051&low-price=47&high-price=48 
细分分类价格链接: https://www.amazon.cn/s/ref=lp_658683051_nr_n_3/460-6313657-8186361?fst=as:off&rh=n:658390051,n:!658391051,n:658683051,n:660298051&bbn=658683051&ie=UTF8&qid=1511789104&rnid=658683051&low-price=49&high-price=50 
细分分类价格链接: https://www.amazon.cn/s/ref=lp_658683051_nr_n_3/460-6313657-8186361?fst=as:off&rh=n:658390051,n:!658391051,n:658683051,n:660298051&bbn=658683051&ie=UTF8&qid=1511789104&rnid=658683051&low-price=51&high-price=52 
细分分类价格链接: https://www.amazon.cn/s/ref=lp_658683051_nr_n_3/460-6313657-8186361?fst=as:off&rh=n:658390051,n:!658391051,n:658683051,n:660298051&bbn=658683051&ie=UTF8&qid=1511789104&rnid=658683051&low-price=53&high-price=54 
细分分类价格链接: https://www.amazon.cn/s/ref=lp_658683051_nr_n_3/460-6313657-8186361?fst=as:off&rh=n:658390051,n:!658391051,n:658683051,n:660298051&bbn=658683051&ie=UTF8&qid=1511789104&rnid=658683051&low-price=55&high-price=56 
细分分类价格链接: https://www.amazon.cn/s/ref=lp_658683051_nr_n_3/460-6313657-8186361?fst=as:off&rh=n:658390051,n:!658391051,n:658683051,n:660298051&bbn=658683051&ie=UTF8&qid=1511789104&rnid=658683051&low-price=57&high-price=58 
细分分类价格链接: https://www.amazon.cn/s/ref=lp_658683051_nr_n_3/460-6313657-8186361?fst=as:off&rh=n:658390051,n:!658391051,n:658683051,n:660298051&bbn=658683051&ie=UTF8&qid=1511789104&rnid=658683051&low-price=59&high-price=60 
细分分类价格链接: https://www.amazon.cn/s/ref=lp_658683051_nr_n_3/460-6313657-8186361?fst=as:off&rh=n:658390051,n:!658391051,n:658683051,n:660298051&bbn=658683051&ie=UTF8&qid=1511789104&rnid=658683051&low-price=61&high-price=62 
细分分类价格链接: https://www.amazon.cn/s/ref=lp_658683051_nr_n_3/460-6313657-8186361?fst=as:off&rh=n:658390051,n:!658391051,n:658683051,n:660298051&bbn=658683051&ie=UTF8&qid=1511789104&rnid=658683051&low-price=63&high-price=64 
细分分类价格链接: https://www.amazon.cn/s/ref=lp_658683051_nr_n_3/460-6313657-8186361?fst=as:off&rh=n:658390051,n:!658391051,n:658683051,n:660298051&bbn=658683051&ie=UTF8&qid=1511789104&rnid=658683051&low-price=65&high-price=66 
细分分类价格链接: https://www.amazon.cn/s/ref=lp_658683051_nr_n_3/460-6313657-8186361?fst=as:off&rh=n:658390051,n:!658391051,n:658683051,n:660298051&bbn=658683051&ie=UTF8&qid=1511789104&rnid=658683051&low-price=67&high-price=68 
细分分类价格链接: https://www.amazon.cn/s/ref=lp_658683051_nr_n_3/460-6313657-8186361?fst=as:off&rh=n:658390051,n:!658391051,n:658683051,n:660298051&bbn=658683051&ie=UTF8&qid=1511789104&rnid=658683051&low-price=69&high-price=70 
细分分类价格链接: https://www.amazon.cn/s/ref=lp_658683051_nr_n_3/460-6313657-8186361?fst=as:off&rh=n:658390051,n:!658391051,n:658683051,n:660298051&bbn=658683051&ie=UTF8&qid=1511789104&rnid=658683051&low-price=71&high-price=72 
细分分类价格链接: https://www.amazon.cn/s/ref=lp_658683051_nr_n_3/460-6313657-8186361?fst=as:off&rh=n:658390051,n:!658391051,n:658683051,n:660298051&bbn=658683051&ie=UTF8&qid=1511789104&rnid=658683051&low-price=73&high-price=74 
细分分类价格链接: https://www.amazon.cn/s/ref=lp_658683051_nr_n_3/460-6313657-8186361?fst=as:off&rh=n:658390051,n:!658391051,n:658683051,n:660298051&bbn=658683051&ie=UTF8&qid=1511789104&rnid=658683051&low-price=75&high-price=76 
细分分类价格链接: https://www.amazon.cn/s/ref=lp_658683051_nr_n_3/460-6313657-8186361?fst=as:off&rh=n:658390051,n:!658391051,n:658683051,n:660298051&bbn=658683051&ie=UTF8&qid=1511789104&rnid=658683051&low-price=77&high-price=78 
细分分类价格链接: https://www.amazon.cn/s/ref=lp_658683051_nr_n_3/460-6313657-8186361?fst=as:off&rh=n:658390051,n:!658391051,n:658683051,n:660298051&bbn=658683051&ie=UTF8&qid=1511789104&rnid=658683051&low-price=79&high-price=80 
细分分类价格链接: https://www.amazon.cn/s/ref=lp_658683051_nr_n_3/460-6313657-8186361?fst=as:off&rh=n:658390051,n:!658391051,n:658683051,n:660298051&bbn=658683051&ie=UTF8&qid=1511789104&rnid=658683051&low-price=81&high-price=82 
细分分类价格链接: https://www.amazon.cn/s/ref=lp_658683051_nr_n_3/460-6313657-8186361?fst=as:off&rh=n:658390051,n:!658391051,n:658683051,n:660298051&bbn=658683051&ie=UTF8&qid=1511789104&rnid=658683051&low-price=83&high-price=84 
细分分类价格链接: https://www.amazon.cn/s/ref=lp_658683051_nr_n_3/460-6313657-8186361?fst=as:off&rh=n:658390051,n:!658391051,n:658683051,n:660298051&bbn=658683051&ie=UTF8&qid=1511789104&rnid=658683051&low-price=85&high-price=86 
细分分类价格链接: https://www.amazon.cn/s/ref=lp_658683051_nr_n_3/460-6313657-8186361?fst=as:off&rh=n:658390051,n:!658391051,n:658683051,n:660298051&bbn=658683051&ie=UTF8&qid=1511789104&rnid=658683051&low-price=87&high-price=88 
细分分类价格链接: https://www.amazon.cn/s/ref=lp_658683051_nr_n_3/460-6313657-8186361?fst=as:off&rh=n:658390051,n:!658391051,n:658683051,n:660298051&bbn=658683051&ie=UTF8&qid=1511789104&rnid=658683051&low-price=89&high-price=90 
细分分类价格链接: https://www.amazon.cn/s/ref=lp_658683051_nr_n_3/460-6313657-8186361?fst=as:off&rh=n:658390051,n:!658391051,n:658683051,n:660298051&bbn=658683051&ie=UTF8&qid=1511789104&rnid=658683051&low-price=91&high-price=92 
细分分类价格链接: https://www.amazon.cn/s/ref=lp_658683051_nr_n_3/460-6313657-8186361?fst=as:off&rh=n:658390051,n:!658391051,n:658683051,n:660298051&bbn=658683051&ie=UTF8&qid=1511789104&rnid=658683051&low-price=93&high-price=94 
细分分类价格链接: https://www.amazon.cn/s/ref=lp_658683051_nr_n_3/460-6313657-8186361?fst=as:off&rh=n:658390051,n:!658391051,n:658683051,n:660298051&bbn=658683051&ie=UTF8&qid=1511789104&rnid=658683051&low-price=95&high-price=96 
细分分类价格链接: https://www.amazon.cn/s/ref=lp_658683051_nr_n_3/460-6313657-8186361?fst=as:off&rh=n:658390051,n:!658391051,n:658683051,n:660298051&bbn=658683051&ie=UTF8&qid=1511789104&rnid=658683051&low-price=97&high-price=98 
细分分类价格链接: https://www.amazon.cn/s/ref=lp_658683051_nr_n_3/460-6313657-8186361?fst=as:off&rh=n:658390051,n:!658391051,n:658683051,n:660298051&bbn=658683051&ie=UTF8&qid=1511789104&rnid=658683051&low-price=99&high-price=100 
细分分类价格链接: https://www.amazon.cn/s/ref=lp_658683051_nr_n_2/460-6313657-8186361?fst=as:off&rh=n:658390051,n:!658391051,n:658683051,n:660297051&bbn=658683051&ie=UTF8&qid=1511789104&rnid=658683051&low-price=1&high-price=2 
细分分类价格链接: https://www.amazon.cn/s/ref=lp_658683051_nr_n_2/460-6313657-8186361?fst=as:off&rh=n:658390051,n:!658391051,n:658683051,n:660297051&bbn=658683051&ie=UTF8&qid=1511789104&rnid=658683051&low-price=3&high-price=4 
细分分类价格链接: https://www.amazon.cn/s/ref=lp_658683051_nr_n_2/460-6313657-8186361?fst=as:off&rh=n:658390051,n:!658391051,n:658683051,n:660297051&bbn=658683051&ie=UTF8&qid=1511789104&rnid=658683051&low-price=5&high-price=6 
细分分类价格链接: https://www.amazon.cn/s/ref=lp_658683051_nr_n_2/460-6313657-8186361?fst=as:off&rh=n:658390051,n:!658391051,n:658683051,n:660297051&bbn=658683051&ie=UTF8&qid=1511789104&rnid=658683051&low-price=7&high-price=8 
细分分类价格链接: https://www.amazon.cn/s/ref=lp_658683051_nr_n_2/460-6313657-8186361?fst=as:off&rh=n:658390051,n:!658391051,n:658683051,n:660297051&bbn=658683051&ie=UTF8&qid=1511789104&rnid=658683051&low-price=9&high-price=10 
细分分类价格链接: https://www.amazon.cn/s/ref=lp_658683051_nr_n_2/460-6313657-8186361?fst=as:off&rh=n:658390051,n:!658391051,n:658683051,n:660297051&bbn=658683051&ie=UTF8&qid=1511789104&rnid=658683051&low-price=11&high-price=12 
细分分类价格链接: https://www.amazon.cn/s/ref=lp_658683051_nr_n_2/460-6313657-8186361?fst=as:off&rh=n:658390051,n:!658391051,n:658683051,n:660297051&bbn=658683051&ie=UTF8&qid=1511789104&rnid=658683051&low-price=13&high-price=14 
细分分类价格链接: https://www.amazon.cn/s/ref=lp_658683051_nr_n_2/460-6313657-8186361?fst=as:off&rh=n:658390051,n:!658391051,n:658683051,n:660297051&bbn=658683051&ie=UTF8&qid=1511789104&rnid=658683051&low-price=15&high-price=16 
细分分类价格链接: https://www.amazon.cn/s/ref=lp_658683051_nr_n_2/460-6313657-8186361?fst=as:off&rh=n:658390051,n:!658391051,n:658683051,n:660297051&bbn=658683051&ie=UTF8&qid=1511789104&rnid=658683051&low-price=17&high-price=18 
细分分类价格链接: https://www.amazon.cn/s/ref=lp_658683051_nr_n_2/460-6313657-8186361?fst=as:off&rh=n:658390051,n:!658391051,n:658683051,n:660297051&bbn=658683051&ie=UTF8&qid=1511789104&rnid=658683051&low-price=19&high-price=20 
细分分类价格链接: https://www.amazon.cn/s/ref=lp_658683051_nr_n_2/460-6313657-8186361?fst=as:off&rh=n:658390051,n:!658391051,n:658683051,n:660297051&bbn=658683051&ie=UTF8&qid=1511789104&rnid=658683051&low-price=21&high-price=22 
细分分类价格链接: https://www.amazon.cn/s/ref=lp_658683051_nr_n_2/460-6313657-8186361?fst=as:off&rh=n:658390051,n:!658391051,n:658683051,n:660297051&bbn=658683051&ie=UTF8&qid=1511789104&rnid=658683051&low-price=23&high-price=24 
细分分类价格链接: https://www.amazon.cn/s/ref=lp_658683051_nr_n_2/460-6313657-8186361?fst=as:off&rh=n:658390051,n:!658391051,n:658683051,n:660297051&bbn=658683051&ie=UTF8&qid=1511789104&rnid=658683051&low-price=25&high-price=26 
细分分类价格链接: https://www.amazon.cn/s/ref=lp_658683051_nr_n_2/460-6313657-8186361?fst=as:off&rh=n:658390051,n:!658391051,n:658683051,n:660297051&bbn=658683051&ie=UTF8&qid=1511789104&rnid=658683051&low-price=27&high-price=28 
细分分类价格链接: https://www.amazon.cn/s/ref=lp_658683051_nr_n_2/460-6313657-8186361?fst=as:off&rh=n:658390051,n:!658391051,n:658683051,n:660297051&bbn=658683051&ie=UTF8&qid=1511789104&rnid=658683051&low-price=29&high-price=30 
细分分类价格链接: https://www.amazon.cn/s/ref=lp_658683051_nr_n_2/460-6313657-8186361?fst=as:off&rh=n:658390051,n:!658391051,n:658683051,n:660297051&bbn=658683051&ie=UTF8&qid=1511789104&rnid=658683051&low-price=31&high-price=32 
细分分类价格链接: https://www.amazon.cn/s/ref=lp_658683051_nr_n_2/460-6313657-8186361?fst=as:off&rh=n:658390051,n:!658391051,n:658683051,n:660297051&bbn=658683051&ie=UTF8&qid=1511789104&rnid=658683051&low-price=33&high-price=34 
细分分类价格链接: https://www.amazon.cn/s/ref=lp_658683051_nr_n_2/460-6313657-8186361?fst=as:off&rh=n:658390051,n:!658391051,n:658683051,n:660297051&bbn=658683051&ie=UTF8&qid=1511789104&rnid=658683051&low-price=35&high-price=36 
细分分类价格链接: https://www.amazon.cn/s/ref=lp_658683051_nr_n_2/460-6313657-8186361?fst=as:off&rh=n:658390051,n:!658391051,n:658683051,n:660297051&bbn=658683051&ie=UTF8&qid=1511789104&rnid=658683051&low-price=37&high-price=38 
细分分类价格链接: https://www.amazon.cn/s/ref=lp_658683051_nr_n_2/460-6313657-8186361?fst=as:off&rh=n:658390051,n:!658391051,n:658683051,n:660297051&bbn=658683051&ie=UTF8&qid=1511789104&rnid=658683051&low-price=39&high-price=40 
细分分类价格链接: https://www.amazon.cn/s/ref=lp_658683051_nr_n_2/460-6313657-8186361?fst=as:off&rh=n:658390051,n:!658391051,n:658683051,n:660297051&bbn=658683051&ie=UTF8&qid=1511789104&rnid=658683051&low-price=41&high-price=42 
细分分类价格链接: https://www.amazon.cn/s/ref=lp_658683051_nr_n_2/460-6313657-8186361?fst=as:off&rh=n:658390051,n:!658391051,n:658683051,n:660297051&bbn=658683051&ie=UTF8&qid=1511789104&rnid=658683051&low-price=43&high-price=44 
细分分类价格链接: https://www.amazon.cn/s/ref=lp_658683051_nr_n_2/460-6313657-8186361?fst=as:off&rh=n:658390051,n:!658391051,n:658683051,n:660297051&bbn=658683051&ie=UTF8&qid=1511789104&rnid=658683051&low-price=45&high-price=46 
细分分类价格链接: https://www.amazon.cn/s/ref=lp_658683051_nr_n_2/460-6313657-8186361?fst=as:off&rh=n:658390051,n:!658391051,n:658683051,n:660297051&bbn=658683051&ie=UTF8&qid=1511789104&rnid=658683051&low-price=47&high-price=48 
细分分类价格链接: https://www.amazon.cn/s/ref=lp_658683051_nr_n_2/460-6313657-8186361?fst=as:off&rh=n:658390051,n:!658391051,n:658683051,n:660297051&bbn=658683051&ie=UTF8&qid=1511789104&rnid=658683051&low-price=49&high-price=50 
细分分类价格链接: https://www.amazon.cn/s/ref=lp_658683051_nr_n_2/460-6313657-8186361?fst=as:off&rh=n:658390051,n:!658391051,n:658683051,n:660297051&bbn=658683051&ie=UTF8&qid=1511789104&rnid=658683051&low-price=51&high-price=52 
细分分类价格链接: https://www.amazon.cn/s/ref=lp_658683051_nr_n_2/460-6313657-8186361?fst=as:off&rh=n:658390051,n:!658391051,n:658683051,n:660297051&bbn=658683051&ie=UTF8&qid=1511789104&rnid=658683051&low-price=53&high-price=54 
细分分类价格链接: https://www.amazon.cn/s/ref=lp_658683051_nr_n_2/460-6313657-8186361?fst=as:off&rh=n:658390051,n:!658391051,n:658683051,n:660297051&bbn=658683051&ie=UTF8&qid=1511789104&rnid=658683051&low-price=55&high-price=56 
细分分类价格链接: https://www.amazon.cn/s/ref=lp_658683051_nr_n_2/460-6313657-8186361?fst=as:off&rh=n:658390051,n:!658391051,n:658683051,n:660297051&bbn=658683051&ie=UTF8&qid=1511789104&rnid=658683051&low-price=57&high-price=58 
细分分类价格链接: https://www.amazon.cn/s/ref=lp_658683051_nr_n_2/460-6313657-8186361?fst=as:off&rh=n:658390051,n:!658391051,n:658683051,n:660297051&bbn=658683051&ie=UTF8&qid=1511789104&rnid=658683051&low-price=59&high-price=60 
细分分类价格链接: https://www.amazon.cn/s/ref=lp_658683051_nr_n_2/460-6313657-8186361?fst=as:off&rh=n:658390051,n:!658391051,n:658683051,n:660297051&bbn=658683051&ie=UTF8&qid=1511789104&rnid=658683051&low-price=61&high-price=62 
细分分类价格链接: https://www.amazon.cn/s/ref=lp_658683051_nr_n_2/460-6313657-8186361?fst=as:off&rh=n:658390051,n:!658391051,n:658683051,n:660297051&bbn=658683051&ie=UTF8&qid=1511789104&rnid=658683051&low-price=63&high-price=64 
细分分类价格链接: https://www.amazon.cn/s/ref=lp_658683051_nr_n_2/460-6313657-8186361?fst=as:off&rh=n:658390051,n:!658391051,n:658683051,n:660297051&bbn=658683051&ie=UTF8&qid=1511789104&rnid=658683051&low-price=65&high-price=66 
细分分类价格链接: https://www.amazon.cn/s/ref=lp_658683051_nr_n_2/460-6313657-8186361?fst=as:off&rh=n:658390051,n:!658391051,n:658683051,n:660297051&bbn=658683051&ie=UTF8&qid=1511789104&rnid=658683051&low-price=67&high-price=68 
细分分类价格链接: https://www.amazon.cn/s/ref=lp_658683051_nr_n_2/460-6313657-8186361?fst=as:off&rh=n:658390051,n:!658391051,n:658683051,n:660297051&bbn=658683051&ie=UTF8&qid=1511789104&rnid=658683051&low-price=69&high-price=70 
细分分类价格链接: https://www.amazon.cn/s/ref=lp_658683051_nr_n_2/460-6313657-8186361?fst=as:off&rh=n:658390051,n:!658391051,n:658683051,n:660297051&bbn=658683051&ie=UTF8&qid=1511789104&rnid=658683051&low-price=71&high-price=72 
细分分类价格链接: https://www.amazon.cn/s/ref=lp_658683051_nr_n_2/460-6313657-8186361?fst=as:off&rh=n:658390051,n:!658391051,n:658683051,n:660297051&bbn=658683051&ie=UTF8&qid=1511789104&rnid=658683051&low-price=73&high-price=74 
细分分类价格链接: https://www.amazon.cn/s/ref=lp_658683051_nr_n_2/460-6313657-8186361?fst=as:off&rh=n:658390051,n:!658391051,n:658683051,n:660297051&bbn=658683051&ie=UTF8&qid=1511789104&rnid=658683051&low-price=75&high-price=76 
细分分类价格链接: https://www.amazon.cn/s/ref=lp_658683051_nr_n_2/460-6313657-8186361?fst=as:off&rh=n:658390051,n:!658391051,n:658683051,n:660297051&bbn=658683051&ie=UTF8&qid=1511789104&rnid=658683051&low-price=77&high-price=78 
细分分类价格链接: https://www.amazon.cn/s/ref=lp_658683051_nr_n_2/460-6313657-8186361?fst=as:off&rh=n:658390051,n:!658391051,n:658683051,n:660297051&bbn=658683051&ie=UTF8&qid=1511789104&rnid=658683051&low-price=79&high-price=80 
细分分类价格链接: https://www.amazon.cn/s/ref=lp_658683051_nr_n_2/460-6313657-8186361?fst=as:off&rh=n:658390051,n:!658391051,n:658683051,n:660297051&bbn=658683051&ie=UTF8&qid=1511789104&rnid=658683051&low-price=81&high-price=82 
细分分类价格链接: https://www.amazon.cn/s/ref=lp_658683051_nr_n_2/460-6313657-8186361?fst=as:off&rh=n:658390051,n:!658391051,n:658683051,n:660297051&bbn=658683051&ie=UTF8&qid=1511789104&rnid=658683051&low-price=83&high-price=84 
细分分类价格链接: https://www.amazon.cn/s/ref=lp_658683051_nr_n_2/460-6313657-8186361?fst=as:off&rh=n:658390051,n:!658391051,n:658683051,n:660297051&bbn=658683051&ie=UTF8&qid=1511789104&rnid=658683051&low-price=85&high-price=86 
细分分类价格链接: https://www.amazon.cn/s/ref=lp_658683051_nr_n_2/460-6313657-8186361?fst=as:off&rh=n:658390051,n:!658391051,n:658683051,n:660297051&bbn=658683051&ie=UTF8&qid=1511789104&rnid=658683051&low-price=87&high-price=88 
细分分类价格链接: https://www.amazon.cn/s/ref=lp_658683051_nr_n_2/460-6313657-8186361?fst=as:off&rh=n:658390051,n:!658391051,n:658683051,n:660297051&bbn=658683051&ie=UTF8&qid=1511789104&rnid=658683051&low-price=89&high-price=90 
细分分类价格链接: https://www.amazon.cn/s/ref=lp_658683051_nr_n_2/460-6313657-8186361?fst=as:off&rh=n:658390051,n:!658391051,n:658683051,n:660297051&bbn=658683051&ie=UTF8&qid=1511789104&rnid=658683051&low-price=91&high-price=92 
细分分类价格链接: https://www.amazon.cn/s/ref=lp_658683051_nr_n_2/460-6313657-8186361?fst=as:off&rh=n:658390051,n:!658391051,n:658683051,n:660297051&bbn=658683051&ie=UTF8&qid=1511789104&rnid=658683051&low-price=93&high-price=94 
细分分类价格链接: https://www.amazon.cn/s/ref=lp_658683051_nr_n_2/460-6313657-8186361?fst=as:off&rh=n:658390051,n:!658391051,n:658683051,n:660297051&bbn=658683051&ie=UTF8&qid=1511789104&rnid=658683051&low-price=95&high-price=96 
细分分类价格链接: https://www.amazon.cn/s/ref=lp_658683051_nr_n_2/460-6313657-8186361?fst=as:off&rh=n:658390051,n:!658391051,n:658683051,n:660297051&bbn=658683051&ie=UTF8&qid=1511789104&rnid=658683051&low-price=97&high-price=98 
细分分类价格链接: https://www.amazon.cn/s/ref=lp_658683051_nr_n_2/460-6313657-8186361?fst=as:off&rh=n:658390051,n:!658391051,n:658683051,n:660297051&bbn=658683051&ie=UTF8&qid=1511789104&rnid=658683051&low-price=99&high-price=100 
细分分类价格链接: https://www.amazon.cn/s/ref=lp_658683051_nr_n_6/460-6313657-8186361?fst=as:off&rh=n:658390051,n:!658391051,n:658683051,n:660213051&bbn=658683051&ie=UTF8&qid=1511789104&rnid=658683051&low-price=1&high-price=2 
细分分类价格链接: https://www.amazon.cn/s/ref=lp_658683051_nr_n_6/460-6313657-8186361?fst=as:off&rh=n:658390051,n:!658391051,n:658683051,n:660213051&bbn=658683051&ie=UTF8&qid=1511789104&rnid=658683051&low-price=3&high-price=4 
细分分类价格链接: https://www.amazon.cn/s/ref=lp_658683051_nr_n_6/460-6313657-8186361?fst=as:off&rh=n:658390051,n:!658391051,n:658683051,n:660213051&bbn=658683051&ie=UTF8&qid=1511789104&rnid=658683051&low-price=5&high-price=6 
细分分类价格链接: https://www.amazon.cn/s/ref=lp_658683051_nr_n_6/460-6313657-8186361?fst=as:off&rh=n:658390051,n:!658391051,n:658683051,n:660213051&bbn=658683051&ie=UTF8&qid=1511789104&rnid=658683051&low-price=7&high-price=8 
细分分类价格链接: https://www.amazon.cn/s/ref=lp_658683051_nr_n_6/460-6313657-8186361?fst=as:off&rh=n:658390051,n:!658391051,n:658683051,n:660213051&bbn=658683051&ie=UTF8&qid=1511789104&rnid=658683051&low-price=9&high-price=10 
细分分类价格链接: https://www.amazon.cn/s/ref=lp_658683051_nr_n_6/460-6313657-8186361?fst=as:off&rh=n:658390051,n:!658391051,n:658683051,n:660213051&bbn=658683051&ie=UTF8&qid=1511789104&rnid=658683051&low-price=11&high-price=12 
细分分类价格链接: https://www.amazon.cn/s/ref=lp_658683051_nr_n_6/460-6313657-8186361?fst=as:off&rh=n:658390051,n:!658391051,n:658683051,n:660213051&bbn=658683051&ie=UTF8&qid=1511789104&rnid=658683051&low-price=13&high-price=14 
细分分类价格链接: https://www.amazon.cn/s/ref=lp_658683051_nr_n_6/460-6313657-8186361?fst=as:off&rh=n:658390051,n:!658391051,n:658683051,n:660213051&bbn=658683051&ie=UTF8&qid=1511789104&rnid=658683051&low-price=15&high-price=16 
细分分类价格链接: https://www.amazon.cn/s/ref=lp_658683051_nr_n_6/460-6313657-8186361?fst=as:off&rh=n:658390051,n:!658391051,n:658683051,n:660213051&bbn=658683051&ie=UTF8&qid=1511789104&rnid=658683051&low-price=17&high-price=18 
细分分类价格链接: https://www.amazon.cn/s/ref=lp_658683051_nr_n_6/460-6313657-8186361?fst=as:off&rh=n:658390051,n:!658391051,n:658683051,n:660213051&bbn=658683051&ie=UTF8&qid=1511789104&rnid=658683051&low-price=19&high-price=20 
细分分类价格链接: https://www.amazon.cn/s/ref=lp_658683051_nr_n_6/460-6313657-8186361?fst=as:off&rh=n:658390051,n:!658391051,n:658683051,n:660213051&bbn=658683051&ie=UTF8&qid=1511789104&rnid=658683051&low-price=21&high-price=22 
细分分类价格链接: https://www.amazon.cn/s/ref=lp_658683051_nr_n_6/460-6313657-8186361?fst=as:off&rh=n:658390051,n:!658391051,n:658683051,n:660213051&bbn=658683051&ie=UTF8&qid=1511789104&rnid=658683051&low-price=23&high-price=24 
细分分类价格链接: https://www.amazon.cn/s/ref=lp_658683051_nr_n_6/460-6313657-8186361?fst=as:off&rh=n:658390051,n:!658391051,n:658683051,n:660213051&bbn=658683051&ie=UTF8&qid=1511789104&rnid=658683051&low-price=25&high-price=26 
细分分类价格链接: https://www.amazon.cn/s/ref=lp_658683051_nr_n_6/460-6313657-8186361?fst=as:off&rh=n:658390051,n:!658391051,n:658683051,n:660213051&bbn=658683051&ie=UTF8&qid=1511789104&rnid=658683051&low-price=27&high-price=28 
细分分类价格链接: https://www.amazon.cn/s/ref=lp_658683051_nr_n_6/460-6313657-8186361?fst=as:off&rh=n:658390051,n:!658391051,n:658683051,n:660213051&bbn=658683051&ie=UTF8&qid=1511789104&rnid=658683051&low-price=29&high-price=30 
细分分类价格链接: https://www.amazon.cn/s/ref=lp_658683051_nr_n_6/460-6313657-8186361?fst=as:off&rh=n:658390051,n:!658391051,n:658683051,n:660213051&bbn=658683051&ie=UTF8&qid=1511789104&rnid=658683051&low-price=31&high-price=32 
细分分类价格链接: https://www.amazon.cn/s/ref=lp_658683051_nr_n_6/460-6313657-8186361?fst=as:off&rh=n:658390051,n:!658391051,n:658683051,n:660213051&bbn=658683051&ie=UTF8&qid=1511789104&rnid=658683051&low-price=33&high-price=34 
细分分类价格链接: https://www.amazon.cn/s/ref=lp_658683051_nr_n_6/460-6313657-8186361?fst=as:off&rh=n:658390051,n:!658391051,n:658683051,n:660213051&bbn=658683051&ie=UTF8&qid=1511789104&rnid=658683051&low-price=35&high-price=36 
细分分类价格链接: https://www.amazon.cn/s/ref=lp_658683051_nr_n_6/460-6313657-8186361?fst=as:off&rh=n:658390051,n:!658391051,n:658683051,n:660213051&bbn=658683051&ie=UTF8&qid=1511789104&rnid=658683051&low-price=37&high-price=38 
细分分类价格链接: https://www.amazon.cn/s/ref=lp_658683051_nr_n_6/460-6313657-8186361?fst=as:off&rh=n:658390051,n:!658391051,n:658683051,n:660213051&bbn=658683051&ie=UTF8&qid=1511789104&rnid=658683051&low-price=39&high-price=40 
细分分类价格链接: https://www.amazon.cn/s/ref=lp_658683051_nr_n_6/460-6313657-8186361?fst=as:off&rh=n:658390051,n:!658391051,n:658683051,n:660213051&bbn=658683051&ie=UTF8&qid=1511789104&rnid=658683051&low-price=41&high-price=42 
细分分类价格链接: https://www.amazon.cn/s/ref=lp_658683051_nr_n_6/460-6313657-8186361?fst=as:off&rh=n:658390051,n:!658391051,n:658683051,n:660213051&bbn=658683051&ie=UTF8&qid=1511789104&rnid=658683051&low-price=43&high-price=44 
细分分类价格链接: https://www.amazon.cn/s/ref=lp_658683051_nr_n_6/460-6313657-8186361?fst=as:off&rh=n:658390051,n:!658391051,n:658683051,n:660213051&bbn=658683051&ie=UTF8&qid=1511789104&rnid=658683051&low-price=45&high-price=46 
细分分类价格链接: https://www.amazon.cn/s/ref=lp_658683051_nr_n_6/460-6313657-8186361?fst=as:off&rh=n:658390051,n:!658391051,n:658683051,n:660213051&bbn=658683051&ie=UTF8&qid=1511789104&rnid=658683051&low-price=47&high-price=48 
细分分类价格链接: https://www.amazon.cn/s/ref=lp_658683051_nr_n_6/460-6313657-8186361?fst=as:off&rh=n:658390051,n:!658391051,n:658683051,n:660213051&bbn=658683051&ie=UTF8&qid=1511789104&rnid=658683051&low-price=49&high-price=50 
细分分类价格链接: https://www.amazon.cn/s/ref=lp_658683051_nr_n_6/460-6313657-8186361?fst=as:off&rh=n:658390051,n:!658391051,n:658683051,n:660213051&bbn=658683051&ie=UTF8&qid=1511789104&rnid=658683051&low-price=51&high-price=52 
细分分类价格链接: https://www.amazon.cn/s/ref=lp_658683051_nr_n_6/460-6313657-8186361?fst=as:off&rh=n:658390051,n:!658391051,n:658683051,n:660213051&bbn=658683051&ie=UTF8&qid=1511789104&rnid=658683051&low-price=53&high-price=54 
细分分类价格链接: https://www.amazon.cn/s/ref=lp_658683051_nr_n_6/460-6313657-8186361?fst=as:off&rh=n:658390051,n:!658391051,n:658683051,n:660213051&bbn=658683051&ie=UTF8&qid=1511789104&rnid=658683051&low-price=55&high-price=56 
细分分类价格链接: https://www.amazon.cn/s/ref=lp_658683051_nr_n_6/460-6313657-8186361?fst=as:off&rh=n:658390051,n:!658391051,n:658683051,n:660213051&bbn=658683051&ie=UTF8&qid=1511789104&rnid=658683051&low-price=57&high-price=58 
细分分类价格链接: https://www.amazon.cn/s/ref=lp_658683051_nr_n_6/460-6313657-8186361?fst=as:off&rh=n:658390051,n:!658391051,n:658683051,n:660213051&bbn=658683051&ie=UTF8&qid=1511789104&rnid=658683051&low-price=59&high-price=60 
细分分类价格链接: https://www.amazon.cn/s/ref=lp_658683051_nr_n_6/460-6313657-8186361?fst=as:off&rh=n:658390051,n:!658391051,n:658683051,n:660213051&bbn=658683051&ie=UTF8&qid=1511789104&rnid=658683051&low-price=61&high-price=62 
细分分类价格链接: https://www.amazon.cn/s/ref=lp_658683051_nr_n_6/460-6313657-8186361?fst=as:off&rh=n:658390051,n:!658391051,n:658683051,n:660213051&bbn=658683051&ie=UTF8&qid=1511789104&rnid=658683051&low-price=63&high-price=64 
细分分类价格链接: https://www.amazon.cn/s/ref=lp_658683051_nr_n_6/460-6313657-8186361?fst=as:off&rh=n:658390051,n:!658391051,n:658683051,n:660213051&bbn=658683051&ie=UTF8&qid=1511789104&rnid=658683051&low-price=65&high-price=66 
细分分类价格链接: https://www.amazon.cn/s/ref=lp_658683051_nr_n_6/460-6313657-8186361?fst=as:off&rh=n:658390051,n:!658391051,n:658683051,n:660213051&bbn=658683051&ie=UTF8&qid=1511789104&rnid=658683051&low-price=67&high-price=68 
细分分类价格链接: https://www.amazon.cn/s/ref=lp_658683051_nr_n_6/460-6313657-8186361?fst=as:off&rh=n:658390051,n:!658391051,n:658683051,n:660213051&bbn=658683051&ie=UTF8&qid=1511789104&rnid=658683051&low-price=69&high-price=70 
细分分类价格链接: https://www.amazon.cn/s/ref=lp_658683051_nr_n_6/460-6313657-8186361?fst=as:off&rh=n:658390051,n:!658391051,n:658683051,n:660213051&bbn=658683051&ie=UTF8&qid=1511789104&rnid=658683051&low-price=71&high-price=72 
细分分类价格链接: https://www.amazon.cn/s/ref=lp_658683051_nr_n_6/460-6313657-8186361?fst=as:off&rh=n:658390051,n:!658391051,n:658683051,n:660213051&bbn=658683051&ie=UTF8&qid=1511789104&rnid=658683051&low-price=73&high-price=74 
细分分类价格链接: https://www.amazon.cn/s/ref=lp_658683051_nr_n_6/460-6313657-8186361?fst=as:off&rh=n:658390051,n:!658391051,n:658683051,n:660213051&bbn=658683051&ie=UTF8&qid=1511789104&rnid=658683051&low-price=75&high-price=76 
细分分类价格链接: https://www.amazon.cn/s/ref=lp_658683051_nr_n_6/460-6313657-8186361?fst=as:off&rh=n:658390051,n:!658391051,n:658683051,n:660213051&bbn=658683051&ie=UTF8&qid=1511789104&rnid=658683051&low-price=77&high-price=78 
细分分类价格链接: https://www.amazon.cn/s/ref=lp_658683051_nr_n_6/460-6313657-8186361?fst=as:off&rh=n:658390051,n:!658391051,n:658683051,n:660213051&bbn=658683051&ie=UTF8&qid=1511789104&rnid=658683051&low-price=79&high-price=80 
细分分类价格链接: https://www.amazon.cn/s/ref=lp_658683051_nr_n_6/460-6313657-8186361?fst=as:off&rh=n:658390051,n:!658391051,n:658683051,n:660213051&bbn=658683051&ie=UTF8&qid=1511789104&rnid=658683051&low-price=81&high-price=82 
细分分类价格链接: https://www.amazon.cn/s/ref=lp_658683051_nr_n_6/460-6313657-8186361?fst=as:off&rh=n:658390051,n:!658391051,n:658683051,n:660213051&bbn=658683051&ie=UTF8&qid=1511789104&rnid=658683051&low-price=83&high-price=84 
细分分类价格链接: https://www.amazon.cn/s/ref=lp_658683051_nr_n_6/460-6313657-8186361?fst=as:off&rh=n:658390051,n:!658391051,n:658683051,n:660213051&bbn=658683051&ie=UTF8&qid=1511789104&rnid=658683051&low-price=85&high-price=86 
细分分类价格链接: https://www.amazon.cn/s/ref=lp_658683051_nr_n_6/460-6313657-8186361?fst=as:off&rh=n:658390051,n:!658391051,n:658683051,n:660213051&bbn=658683051&ie=UTF8&qid=1511789104&rnid=658683051&low-price=87&high-price=88 
细分分类价格链接: https://www.amazon.cn/s/ref=lp_658683051_nr_n_6/460-6313657-8186361?fst=as:off&rh=n:658390051,n:!658391051,n:658683051,n:660213051&bbn=658683051&ie=UTF8&qid=1511789104&rnid=658683051&low-price=89&high-price=90 
细分分类价格链接: https://www.amazon.cn/s/ref=lp_658683051_nr_n_6/460-6313657-8186361?fst=as:off&rh=n:658390051,n:!658391051,n:658683051,n:660213051&bbn=658683051&ie=UTF8&qid=1511789104&rnid=658683051&low-price=91&high-price=92 
细分分类价格链接: https://www.amazon.cn/s/ref=lp_658683051_nr_n_6/460-6313657-8186361?fst=as:off&rh=n:658390051,n:!658391051,n:658683051,n:660213051&bbn=658683051&ie=UTF8&qid=1511789104&rnid=658683051&low-price=93&high-price=94 
细分分类价格链接: https://www.amazon.cn/s/ref=lp_658683051_nr_n_6/460-6313657-8186361?fst=as:off&rh=n:658390051,n:!658391051,n:658683051,n:660213051&bbn=658683051&ie=UTF8&qid=1511789104&rnid=658683051&low-price=95&high-price=96 
细分分类价格链接: https://www.amazon.cn/s/ref=lp_658683051_nr_n_6/460-6313657-8186361?fst=as:off&rh=n:658390051,n:!658391051,n:658683051,n:660213051&bbn=658683051&ie=UTF8&qid=1511789104&rnid=658683051&low-price=97&high-price=98 
细分分类价格链接: https://www.amazon.cn/s/ref=lp_658683051_nr_n_6/460-6313657-8186361?fst=as:off&rh=n:658390051,n:!658391051,n:658683051,n:660213051&bbn=658683051&ie=UTF8&qid=1511789104&rnid=658683051&low-price=99&high-price=100 
细分分类价格链接: https://www.amazon.cn/s/ref=lp_658683051_nr_n_1/460-6313657-8186361?fst=as:off&rh=n:658390051,n:!658391051,n:658683051,n:660295051&bbn=658683051&ie=UTF8&qid=1511789104&rnid=658683051&low-price=1&high-price=2 
细分分类价格链接: https://www.amazon.cn/s/ref=lp_658683051_nr_n_1/460-6313657-8186361?fst=as:off&rh=n:658390051,n:!658391051,n:658683051,n:660295051&bbn=658683051&ie=UTF8&qid=1511789104&rnid=658683051&low-price=3&high-price=4 
细分分类价格链接: https://www.amazon.cn/s/ref=lp_658683051_nr_n_1/460-6313657-8186361?fst=as:off&rh=n:658390051,n:!658391051,n:658683051,n:660295051&bbn=658683051&ie=UTF8&qid=1511789104&rnid=658683051&low-price=5&high-price=6 
细分分类价格链接: https://www.amazon.cn/s/ref=lp_658683051_nr_n_1/460-6313657-8186361?fst=as:off&rh=n:658390051,n:!658391051,n:658683051,n:660295051&bbn=658683051&ie=UTF8&qid=1511789104&rnid=658683051&low-price=7&high-price=8 
细分分类价格链接: https://www.amazon.cn/s/ref=lp_658683051_nr_n_1/460-6313657-8186361?fst=as:off&rh=n:658390051,n:!658391051,n:658683051,n:660295051&bbn=658683051&ie=UTF8&qid=1511789104&rnid=658683051&low-price=9&high-price=10 
细分分类价格链接: https://www.amazon.cn/s/ref=lp_658683051_nr_n_1/460-6313657-8186361?fst=as:off&rh=n:658390051,n:!658391051,n:658683051,n:660295051&bbn=658683051&ie=UTF8&qid=1511789104&rnid=658683051&low-price=11&high-price=12 
细分分类价格链接: https://www.amazon.cn/s/ref=lp_658683051_nr_n_1/460-6313657-8186361?fst=as:off&rh=n:658390051,n:!658391051,n:658683051,n:660295051&bbn=658683051&ie=UTF8&qid=1511789104&rnid=658683051&low-price=13&high-price=14 
细分分类价格链接: https://www.amazon.cn/s/ref=lp_658683051_nr_n_1/460-6313657-8186361?fst=as:off&rh=n:658390051,n:!658391051,n:658683051,n:660295051&bbn=658683051&ie=UTF8&qid=1511789104&rnid=658683051&low-price=15&high-price=16 
细分分类价格链接: https://www.amazon.cn/s/ref=lp_658683051_nr_n_1/460-6313657-8186361?fst=as:off&rh=n:658390051,n:!658391051,n:658683051,n:660295051&bbn=658683051&ie=UTF8&qid=1511789104&rnid=658683051&low-price=17&high-price=18 
细分分类价格链接: https://www.amazon.cn/s/ref=lp_658683051_nr_n_1/460-6313657-8186361?fst=as:off&rh=n:658390051,n:!658391051,n:658683051,n:660295051&bbn=658683051&ie=UTF8&qid=1511789104&rnid=658683051&low-price=19&high-price=20 
细分分类价格链接: https://www.amazon.cn/s/ref=lp_658683051_nr_n_1/460-6313657-8186361?fst=as:off&rh=n:658390051,n:!658391051,n:658683051,n:660295051&bbn=658683051&ie=UTF8&qid=1511789104&rnid=658683051&low-price=21&high-price=22 
细分分类价格链接: https://www.amazon.cn/s/ref=lp_658683051_nr_n_1/460-6313657-8186361?fst=as:off&rh=n:658390051,n:!658391051,n:658683051,n:660295051&bbn=658683051&ie=UTF8&qid=1511789104&rnid=658683051&low-price=23&high-price=24 
细分分类价格链接: https://www.amazon.cn/s/ref=lp_658683051_nr_n_1/460-6313657-8186361?fst=as:off&rh=n:658390051,n:!658391051,n:658683051,n:660295051&bbn=658683051&ie=UTF8&qid=1511789104&rnid=658683051&low-price=25&high-price=26 
细分分类价格链接: https://www.amazon.cn/s/ref=lp_658683051_nr_n_1/460-6313657-8186361?fst=as:off&rh=n:658390051,n:!658391051,n:658683051,n:660295051&bbn=658683051&ie=UTF8&qid=1511789104&rnid=658683051&low-price=27&high-price=28 
细分分类价格链接: https://www.amazon.cn/s/ref=lp_658683051_nr_n_1/460-6313657-8186361?fst=as:off&rh=n:658390051,n:!658391051,n:658683051,n:660295051&bbn=658683051&ie=UTF8&qid=1511789104&rnid=658683051&low-price=29&high-price=30 
细分分类价格链接: https://www.amazon.cn/s/ref=lp_658683051_nr_n_1/460-6313657-8186361?fst=as:off&rh=n:658390051,n:!658391051,n:658683051,n:660295051&bbn=658683051&ie=UTF8&qid=1511789104&rnid=658683051&low-price=31&high-price=32 
细分分类价格链接: https://www.amazon.cn/s/ref=lp_658683051_nr_n_1/460-6313657-8186361?fst=as:off&rh=n:658390051,n:!658391051,n:658683051,n:660295051&bbn=658683051&ie=UTF8&qid=1511789104&rnid=658683051&low-price=33&high-price=34 
细分分类价格链接: https://www.amazon.cn/s/ref=lp_658683051_nr_n_1/460-6313657-8186361?fst=as:off&rh=n:658390051,n:!658391051,n:658683051,n:660295051&bbn=658683051&ie=UTF8&qid=1511789104&rnid=658683051&low-price=35&high-price=36 
细分分类价格链接: https://www.amazon.cn/s/ref=lp_658683051_nr_n_1/460-6313657-8186361?fst=as:off&rh=n:658390051,n:!658391051,n:658683051,n:660295051&bbn=658683051&ie=UTF8&qid=1511789104&rnid=658683051&low-price=37&high-price=38 
细分分类价格链接: https://www.amazon.cn/s/ref=lp_658683051_nr_n_1/460-6313657-8186361?fst=as:off&rh=n:658390051,n:!658391051,n:658683051,n:660295051&bbn=658683051&ie=UTF8&qid=1511789104&rnid=658683051&low-price=39&high-price=40 
细分分类价格链接: https://www.amazon.cn/s/ref=lp_658683051_nr_n_1/460-6313657-8186361?fst=as:off&rh=n:658390051,n:!658391051,n:658683051,n:660295051&bbn=658683051&ie=UTF8&qid=1511789104&rnid=658683051&low-price=41&high-price=42 
细分分类价格链接: https://www.amazon.cn/s/ref=lp_658683051_nr_n_1/460-6313657-8186361?fst=as:off&rh=n:658390051,n:!658391051,n:658683051,n:660295051&bbn=658683051&ie=UTF8&qid=1511789104&rnid=658683051&low-price=43&high-price=44 
细分分类价格链接: https://www.amazon.cn/s/ref=lp_658683051_nr_n_1/460-6313657-8186361?fst=as:off&rh=n:658390051,n:!658391051,n:658683051,n:660295051&bbn=658683051&ie=UTF8&qid=1511789104&rnid=658683051&low-price=45&high-price=46 
细分分类价格链接: https://www.amazon.cn/s/ref=lp_658683051_nr_n_1/460-6313657-8186361?fst=as:off&rh=n:658390051,n:!658391051,n:658683051,n:660295051&bbn=658683051&ie=UTF8&qid=1511789104&rnid=658683051&low-price=47&high-price=48 
细分分类价格链接: https://www.amazon.cn/s/ref=lp_658683051_nr_n_1/460-6313657-8186361?fst=as:off&rh=n:658390051,n:!658391051,n:658683051,n:660295051&bbn=658683051&ie=UTF8&qid=1511789104&rnid=658683051&low-price=49&high-price=50 
细分分类价格链接: https://www.amazon.cn/s/ref=lp_658683051_nr_n_1/460-6313657-8186361?fst=as:off&rh=n:658390051,n:!658391051,n:658683051,n:660295051&bbn=658683051&ie=UTF8&qid=1511789104&rnid=658683051&low-price=51&high-price=52 
细分分类价格链接: https://www.amazon.cn/s/ref=lp_658683051_nr_n_1/460-6313657-8186361?fst=as:off&rh=n:658390051,n:!658391051,n:658683051,n:660295051&bbn=658683051&ie=UTF8&qid=1511789104&rnid=658683051&low-price=53&high-price=54 
细分分类价格链接: https://www.amazon.cn/s/ref=lp_658683051_nr_n_1/460-6313657-8186361?fst=as:off&rh=n:658390051,n:!658391051,n:658683051,n:660295051&bbn=658683051&ie=UTF8&qid=1511789104&rnid=658683051&low-price=55&high-price=56 
细分分类价格链接: https://www.amazon.cn/s/ref=lp_658683051_nr_n_1/460-6313657-8186361?fst=as:off&rh=n:658390051,n:!658391051,n:658683051,n:660295051&bbn=658683051&ie=UTF8&qid=1511789104&rnid=658683051&low-price=57&high-price=58 
细分分类价格链接: https://www.amazon.cn/s/ref=lp_658683051_nr_n_1/460-6313657-8186361?fst=as:off&rh=n:658390051,n:!658391051,n:658683051,n:660295051&bbn=658683051&ie=UTF8&qid=1511789104&rnid=658683051&low-price=59&high-price=60 
细分分类价格链接: https://www.amazon.cn/s/ref=lp_658683051_nr_n_1/460-6313657-8186361?fst=as:off&rh=n:658390051,n:!658391051,n:658683051,n:660295051&bbn=658683051&ie=UTF8&qid=1511789104&rnid=658683051&low-price=61&high-price=62 
细分分类价格链接: https://www.amazon.cn/s/ref=lp_658683051_nr_n_1/460-6313657-8186361?fst=as:off&rh=n:658390051,n:!658391051,n:658683051,n:660295051&bbn=658683051&ie=UTF8&qid=1511789104&rnid=658683051&low-price=63&high-price=64 
细分分类价格链接: https://www.amazon.cn/s/ref=lp_658683051_nr_n_1/460-6313657-8186361?fst=as:off&rh=n:658390051,n:!658391051,n:658683051,n:660295051&bbn=658683051&ie=UTF8&qid=1511789104&rnid=658683051&low-price=65&high-price=66 
细分分类价格链接: https://www.amazon.cn/s/ref=lp_658683051_nr_n_1/460-6313657-8186361?fst=as:off&rh=n:658390051,n:!658391051,n:658683051,n:660295051&bbn=658683051&ie=UTF8&qid=1511789104&rnid=658683051&low-price=67&high-price=68 
细分分类价格链接: https://www.amazon.cn/s/ref=lp_658683051_nr_n_1/460-6313657-8186361?fst=as:off&rh=n:658390051,n:!658391051,n:658683051,n:660295051&bbn=658683051&ie=UTF8&qid=1511789104&rnid=658683051&low-price=69&high-price=70 
细分分类价格链接: https://www.amazon.cn/s/ref=lp_658683051_nr_n_1/460-6313657-8186361?fst=as:off&rh=n:658390051,n:!658391051,n:658683051,n:660295051&bbn=658683051&ie=UTF8&qid=1511789104&rnid=658683051&low-price=71&high-price=72 
细分分类价格链接: https://www.amazon.cn/s/ref=lp_658683051_nr_n_1/460-6313657-8186361?fst=as:off&rh=n:658390051,n:!658391051,n:658683051,n:660295051&bbn=658683051&ie=UTF8&qid=1511789104&rnid=658683051&low-price=73&high-price=74 
细分分类价格链接: https://www.amazon.cn/s/ref=lp_658683051_nr_n_1/460-6313657-8186361?fst=as:off&rh=n:658390051,n:!658391051,n:658683051,n:660295051&bbn=658683051&ie=UTF8&qid=1511789104&rnid=658683051&low-price=75&high-price=76 
细分分类价格链接: https://www.amazon.cn/s/ref=lp_658683051_nr_n_1/460-6313657-8186361?fst=as:off&rh=n:658390051,n:!658391051,n:658683051,n:660295051&bbn=658683051&ie=UTF8&qid=1511789104&rnid=658683051&low-price=77&high-price=78 
细分分类价格链接: https://www.amazon.cn/s/ref=lp_658683051_nr_n_1/460-6313657-8186361?fst=as:off&rh=n:658390051,n:!658391051,n:658683051,n:660295051&bbn=658683051&ie=UTF8&qid=1511789104&rnid=658683051&low-price=79&high-price=80 
细分分类价格链接: https://www.amazon.cn/s/ref=lp_658683051_nr_n_1/460-6313657-8186361?fst=as:off&rh=n:658390051,n:!658391051,n:658683051,n:660295051&bbn=658683051&ie=UTF8&qid=1511789104&rnid=658683051&low-price=81&high-price=82 
细分分类价格链接: https://www.amazon.cn/s/ref=lp_658683051_nr_n_1/460-6313657-8186361?fst=as:off&rh=n:658390051,n:!658391051,n:658683051,n:660295051&bbn=658683051&ie=UTF8&qid=1511789104&rnid=658683051&low-price=83&high-price=84 
细分分类价格链接: https://www.amazon.cn/s/ref=lp_658683051_nr_n_1/460-6313657-8186361?fst=as:off&rh=n:658390051,n:!658391051,n:658683051,n:660295051&bbn=658683051&ie=UTF8&qid=1511789104&rnid=658683051&low-price=85&high-price=86 
细分分类价格链接: https://www.amazon.cn/s/ref=lp_658683051_nr_n_1/460-6313657-8186361?fst=as:off&rh=n:658390051,n:!658391051,n:658683051,n:660295051&bbn=658683051&ie=UTF8&qid=1511789104&rnid=658683051&low-price=87&high-price=88 
细分分类价格链接: https://www.amazon.cn/s/ref=lp_658683051_nr_n_1/460-6313657-8186361?fst=as:off&rh=n:658390051,n:!658391051,n:658683051,n:660295051&bbn=658683051&ie=UTF8&qid=1511789104&rnid=658683051&low-price=89&high-price=90 
细分分类价格链接: https://www.amazon.cn/s/ref=lp_658683051_nr_n_1/460-6313657-8186361?fst=as:off&rh=n:658390051,n:!658391051,n:658683051,n:660295051&bbn=658683051&ie=UTF8&qid=1511789104&rnid=658683051&low-price=91&high-price=92 
细分分类价格链接: https://www.amazon.cn/s/ref=lp_658683051_nr_n_1/460-6313657-8186361?fst=as:off&rh=n:658390051,n:!658391051,n:658683051,n:660295051&bbn=658683051&ie=UTF8&qid=1511789104&rnid=658683051&low-price=93&high-price=94 
细分分类价格链接: https://www.amazon.cn/s/ref=lp_658683051_nr_n_1/460-6313657-8186361?fst=as:off&rh=n:658390051,n:!658391051,n:658683051,n:660295051&bbn=658683051&ie=UTF8&qid=1511789104&rnid=658683051&low-price=95&high-price=96 
细分分类价格链接: https://www.amazon.cn/s/ref=lp_658683051_nr_n_1/460-6313657-8186361?fst=as:off&rh=n:658390051,n:!658391051,n:658683051,n:660295051&bbn=658683051&ie=UTF8&qid=1511789104&rnid=658683051&low-price=97&high-price=98 
细分分类价格链接: https://www.amazon.cn/s/ref=lp_658683051_nr_n_1/460-6313657-8186361?fst=as:off&rh=n:658390051,n:!658391051,n:658683051,n:660295051&bbn=658683051&ie=UTF8&qid=1511789104&rnid=658683051&low-price=99&high-price=100 
细分分类价格链接: https://www.amazon.cn/s/ref=lp_658683051_nr_n_5/460-6313657-8186361?fst=as:off&rh=n:658390051,n:!658391051,n:658683051,n:2180134051&bbn=658683051&ie=UTF8&qid=1511789104&rnid=658683051&low-price=1&high-price=2 
细分分类价格链接: https://www.amazon.cn/s/ref=lp_658683051_nr_n_5/460-6313657-8186361?fst=as:off&rh=n:658390051,n:!658391051,n:658683051,n:2180134051&bbn=658683051&ie=UTF8&qid=1511789104&rnid=658683051&low-price=3&high-price=4 
细分分类价格链接: https://www.amazon.cn/s/ref=lp_658683051_nr_n_5/460-6313657-8186361?fst=as:off&rh=n:658390051,n:!658391051,n:658683051,n:2180134051&bbn=658683051&ie=UTF8&qid=1511789104&rnid=658683051&low-price=5&high-price=6 
细分分类价格链接: https://www.amazon.cn/s/ref=lp_658683051_nr_n_5/460-6313657-8186361?fst=as:off&rh=n:658390051,n:!658391051,n:658683051,n:2180134051&bbn=658683051&ie=UTF8&qid=1511789104&rnid=658683051&low-price=7&high-price=8 
细分分类价格链接: https://www.amazon.cn/s/ref=lp_658683051_nr_n_5/460-6313657-8186361?fst=as:off&rh=n:658390051,n:!658391051,n:658683051,n:2180134051&bbn=658683051&ie=UTF8&qid=1511789104&rnid=658683051&low-price=9&high-price=10 
细分分类价格链接: https://www.amazon.cn/s/ref=lp_658683051_nr_n_5/460-6313657-8186361?fst=as:off&rh=n:658390051,n:!658391051,n:658683051,n:2180134051&bbn=658683051&ie=UTF8&qid=1511789104&rnid=658683051&low-price=11&high-price=12 
细分分类价格链接: https://www.amazon.cn/s/ref=lp_658683051_nr_n_5/460-6313657-8186361?fst=as:off&rh=n:658390051,n:!658391051,n:658683051,n:2180134051&bbn=658683051&ie=UTF8&qid=1511789104&rnid=658683051&low-price=13&high-price=14 
细分分类价格链接: https://www.amazon.cn/s/ref=lp_658683051_nr_n_5/460-6313657-8186361?fst=as:off&rh=n:658390051,n:!658391051,n:658683051,n:2180134051&bbn=658683051&ie=UTF8&qid=1511789104&rnid=658683051&low-price=15&high-price=16 
细分分类价格链接: https://www.amazon.cn/s/ref=lp_658683051_nr_n_5/460-6313657-8186361?fst=as:off&rh=n:658390051,n:!658391051,n:658683051,n:2180134051&bbn=658683051&ie=UTF8&qid=1511789104&rnid=658683051&low-price=17&high-price=18 
细分分类价格链接: https://www.amazon.cn/s/ref=lp_658683051_nr_n_5/460-6313657-8186361?fst=as:off&rh=n:658390051,n:!658391051,n:658683051,n:2180134051&bbn=658683051&ie=UTF8&qid=1511789104&rnid=658683051&low-price=19&high-price=20 
细分分类价格链接: https://www.amazon.cn/s/ref=lp_658683051_nr_n_5/460-6313657-8186361?fst=as:off&rh=n:658390051,n:!658391051,n:658683051,n:2180134051&bbn=658683051&ie=UTF8&qid=1511789104&rnid=658683051&low-price=21&high-price=22 
细分分类价格链接: https://www.amazon.cn/s/ref=lp_658683051_nr_n_5/460-6313657-8186361?fst=as:off&rh=n:658390051,n:!658391051,n:658683051,n:2180134051&bbn=658683051&ie=UTF8&qid=1511789104&rnid=658683051&low-price=23&high-price=24 
细分分类价格链接: https://www.amazon.cn/s/ref=lp_658683051_nr_n_5/460-6313657-8186361?fst=as:off&rh=n:658390051,n:!658391051,n:658683051,n:2180134051&bbn=658683051&ie=UTF8&qid=1511789104&rnid=658683051&low-price=25&high-price=26 
细分分类价格链接: https://www.amazon.cn/s/ref=lp_658683051_nr_n_5/460-6313657-8186361?fst=as:off&rh=n:658390051,n:!658391051,n:658683051,n:2180134051&bbn=658683051&ie=UTF8&qid=1511789104&rnid=658683051&low-price=27&high-price=28 
细分分类价格链接: https://www.amazon.cn/s/ref=lp_658683051_nr_n_5/460-6313657-8186361?fst=as:off&rh=n:658390051,n:!658391051,n:658683051,n:2180134051&bbn=658683051&ie=UTF8&qid=1511789104&rnid=658683051&low-price=29&high-price=30 
细分分类价格链接: https://www.amazon.cn/s/ref=lp_658683051_nr_n_5/460-6313657-8186361?fst=as:off&rh=n:658390051,n:!658391051,n:658683051,n:2180134051&bbn=658683051&ie=UTF8&qid=1511789104&rnid=658683051&low-price=31&high-price=32 
细分分类价格链接: https://www.amazon.cn/s/ref=lp_658683051_nr_n_5/460-6313657-8186361?fst=as:off&rh=n:658390051,n:!658391051,n:658683051,n:2180134051&bbn=658683051&ie=UTF8&qid=1511789104&rnid=658683051&low-price=33&high-price=34 
细分分类价格链接: https://www.amazon.cn/s/ref=lp_658683051_nr_n_5/460-6313657-8186361?fst=as:off&rh=n:658390051,n:!658391051,n:658683051,n:2180134051&bbn=658683051&ie=UTF8&qid=1511789104&rnid=658683051&low-price=35&high-price=36 
细分分类价格链接: https://www.amazon.cn/s/ref=lp_658683051_nr_n_5/460-6313657-8186361?fst=as:off&rh=n:658390051,n:!658391051,n:658683051,n:2180134051&bbn=658683051&ie=UTF8&qid=1511789104&rnid=658683051&low-price=37&high-price=38 
细分分类价格链接: https://www.amazon.cn/s/ref=lp_658683051_nr_n_5/460-6313657-8186361?fst=as:off&rh=n:658390051,n:!658391051,n:658683051,n:2180134051&bbn=658683051&ie=UTF8&qid=1511789104&rnid=658683051&low-price=39&high-price=40 
细分分类价格链接: https://www.amazon.cn/s/ref=lp_658683051_nr_n_5/460-6313657-8186361?fst=as:off&rh=n:658390051,n:!658391051,n:658683051,n:2180134051&bbn=658683051&ie=UTF8&qid=1511789104&rnid=658683051&low-price=41&high-price=42 
细分分类价格链接: https://www.amazon.cn/s/ref=lp_658683051_nr_n_5/460-6313657-8186361?fst=as:off&rh=n:658390051,n:!658391051,n:658683051,n:2180134051&bbn=658683051&ie=UTF8&qid=1511789104&rnid=658683051&low-price=43&high-price=44 
细分分类价格链接: https://www.amazon.cn/s/ref=lp_658683051_nr_n_5/460-6313657-8186361?fst=as:off&rh=n:658390051,n:!658391051,n:658683051,n:2180134051&bbn=658683051&ie=UTF8&qid=1511789104&rnid=658683051&low-price=45&high-price=46 
细分分类价格链接: https://www.amazon.cn/s/ref=lp_658683051_nr_n_5/460-6313657-8186361?fst=as:off&rh=n:658390051,n:!658391051,n:658683051,n:2180134051&bbn=658683051&ie=UTF8&qid=1511789104&rnid=658683051&low-price=47&high-price=48 
细分分类价格链接: https://www.amazon.cn/s/ref=lp_658683051_nr_n_5/460-6313657-8186361?fst=as:off&rh=n:658390051,n:!658391051,n:658683051,n:2180134051&bbn=658683051&ie=UTF8&qid=1511789104&rnid=658683051&low-price=49&high-price=50 
细分分类价格链接: https://www.amazon.cn/s/ref=lp_658683051_nr_n_5/460-6313657-8186361?fst=as:off&rh=n:658390051,n:!658391051,n:658683051,n:2180134051&bbn=658683051&ie=UTF8&qid=1511789104&rnid=658683051&low-price=51&high-price=52 
细分分类价格链接: https://www.amazon.cn/s/ref=lp_658683051_nr_n_5/460-6313657-8186361?fst=as:off&rh=n:658390051,n:!658391051,n:658683051,n:2180134051&bbn=658683051&ie=UTF8&qid=1511789104&rnid=658683051&low-price=53&high-price=54 
细分分类价格链接: https://www.amazon.cn/s/ref=lp_658683051_nr_n_5/460-6313657-8186361?fst=as:off&rh=n:658390051,n:!658391051,n:658683051,n:2180134051&bbn=658683051&ie=UTF8&qid=1511789104&rnid=658683051&low-price=55&high-price=56 
细分分类价格链接: https://www.amazon.cn/s/ref=lp_658683051_nr_n_5/460-6313657-8186361?fst=as:off&rh=n:658390051,n:!658391051,n:658683051,n:2180134051&bbn=658683051&ie=UTF8&qid=1511789104&rnid=658683051&low-price=57&high-price=58 
细分分类价格链接: https://www.amazon.cn/s/ref=lp_658683051_nr_n_5/460-6313657-8186361?fst=as:off&rh=n:658390051,n:!658391051,n:658683051,n:2180134051&bbn=658683051&ie=UTF8&qid=1511789104&rnid=658683051&low-price=59&high-price=60 
细分分类价格链接: https://www.amazon.cn/s/ref=lp_658683051_nr_n_5/460-6313657-8186361?fst=as:off&rh=n:658390051,n:!658391051,n:658683051,n:2180134051&bbn=658683051&ie=UTF8&qid=1511789104&rnid=658683051&low-price=61&high-price=62 
细分分类价格链接: https://www.amazon.cn/s/ref=lp_658683051_nr_n_5/460-6313657-8186361?fst=as:off&rh=n:658390051,n:!658391051,n:658683051,n:2180134051&bbn=658683051&ie=UTF8&qid=1511789104&rnid=658683051&low-price=63&high-price=64 
细分分类价格链接: https://www.amazon.cn/s/ref=lp_658683051_nr_n_5/460-6313657-8186361?fst=as:off&rh=n:658390051,n:!658391051,n:658683051,n:2180134051&bbn=658683051&ie=UTF8&qid=1511789104&rnid=658683051&low-price=65&high-price=66 
细分分类价格链接: https://www.amazon.cn/s/ref=lp_658683051_nr_n_5/460-6313657-8186361?fst=as:off&rh=n:658390051,n:!658391051,n:658683051,n:2180134051&bbn=658683051&ie=UTF8&qid=1511789104&rnid=658683051&low-price=67&high-price=68 
细分分类价格链接: https://www.amazon.cn/s/ref=lp_658683051_nr_n_5/460-6313657-8186361?fst=as:off&rh=n:658390051,n:!658391051,n:658683051,n:2180134051&bbn=658683051&ie=UTF8&qid=1511789104&rnid=658683051&low-price=69&high-price=70 
细分分类价格链接: https://www.amazon.cn/s/ref=lp_658683051_nr_n_5/460-6313657-8186361?fst=as:off&rh=n:658390051,n:!658391051,n:658683051,n:2180134051&bbn=658683051&ie=UTF8&qid=1511789104&rnid=658683051&low-price=71&high-price=72 
细分分类价格链接: https://www.amazon.cn/s/ref=lp_658683051_nr_n_5/460-6313657-8186361?fst=as:off&rh=n:658390051,n:!658391051,n:658683051,n:2180134051&bbn=658683051&ie=UTF8&qid=1511789104&rnid=658683051&low-price=73&high-price=74 
细分分类价格链接: https://www.amazon.cn/s/ref=lp_658683051_nr_n_5/460-6313657-8186361?fst=as:off&rh=n:658390051,n:!658391051,n:658683051,n:2180134051&bbn=658683051&ie=UTF8&qid=1511789104&rnid=658683051&low-price=75&high-price=76 
细分分类价格链接: https://www.amazon.cn/s/ref=lp_658683051_nr_n_5/460-6313657-8186361?fst=as:off&rh=n:658390051,n:!658391051,n:658683051,n:2180134051&bbn=658683051&ie=UTF8&qid=1511789104&rnid=658683051&low-price=77&high-price=78 
细分分类价格链接: https://www.amazon.cn/s/ref=lp_658683051_nr_n_5/460-6313657-8186361?fst=as:off&rh=n:658390051,n:!658391051,n:658683051,n:2180134051&bbn=658683051&ie=UTF8&qid=1511789104&rnid=658683051&low-price=79&high-price=80 
细分分类价格链接: https://www.amazon.cn/s/ref=lp_658683051_nr_n_5/460-6313657-8186361?fst=as:off&rh=n:658390051,n:!658391051,n:658683051,n:2180134051&bbn=658683051&ie=UTF8&qid=1511789104&rnid=658683051&low-price=81&high-price=82 
细分分类价格链接: https://www.amazon.cn/s/ref=lp_658683051_nr_n_5/460-6313657-8186361?fst=as:off&rh=n:658390051,n:!658391051,n:658683051,n:2180134051&bbn=658683051&ie=UTF8&qid=1511789104&rnid=658683051&low-price=83&high-price=84 
细分分类价格链接: https://www.amazon.cn/s/ref=lp_658683051_nr_n_5/460-6313657-8186361?fst=as:off&rh=n:658390051,n:!658391051,n:658683051,n:2180134051&bbn=658683051&ie=UTF8&qid=1511789104&rnid=658683051&low-price=85&high-price=86 
细分分类价格链接: https://www.amazon.cn/s/ref=lp_658683051_nr_n_5/460-6313657-8186361?fst=as:off&rh=n:658390051,n:!658391051,n:658683051,n:2180134051&bbn=658683051&ie=UTF8&qid=1511789104&rnid=658683051&low-price=87&high-price=88 
细分分类价格链接: https://www.amazon.cn/s/ref=lp_658683051_nr_n_5/460-6313657-8186361?fst=as:off&rh=n:658390051,n:!658391051,n:658683051,n:2180134051&bbn=658683051&ie=UTF8&qid=1511789104&rnid=658683051&low-price=89&high-price=90 
细分分类价格链接: https://www.amazon.cn/s/ref=lp_658683051_nr_n_5/460-6313657-8186361?fst=as:off&rh=n:658390051,n:!658391051,n:658683051,n:2180134051&bbn=658683051&ie=UTF8&qid=1511789104&rnid=658683051&low-price=91&high-price=92 
细分分类价格链接: https://www.amazon.cn/s/ref=lp_658683051_nr_n_5/460-6313657-8186361?fst=as:off&rh=n:658390051,n:!658391051,n:658683051,n:2180134051&bbn=658683051&ie=UTF8&qid=1511789104&rnid=658683051&low-price=93&high-price=94 
细分分类价格链接: https://www.amazon.cn/s/ref=lp_658683051_nr_n_5/460-6313657-8186361?fst=as:off&rh=n:658390051,n:!658391051,n:658683051,n:2180134051&bbn=658683051&ie=UTF8&qid=1511789104&rnid=658683051&low-price=95&high-price=96 
细分分类价格链接: https://www.amazon.cn/s/ref=lp_658683051_nr_n_5/460-6313657-8186361?fst=as:off&rh=n:658390051,n:!658391051,n:658683051,n:2180134051&bbn=658683051&ie=UTF8&qid=1511789104&rnid=658683051&low-price=97&high-price=98 
细分分类价格链接: https://www.amazon.cn/s/ref=lp_658683051_nr_n_5/460-6313657-8186361?fst=as:off&rh=n:658390051,n:!658391051,n:658683051,n:2180134051&bbn=658683051&ie=UTF8&qid=1511789104&rnid=658683051&low-price=99&high-price=100 
细分分类价格链接: https://www.amazon.cn/s/ref=lp_658683051_nr_n_0/460-6313657-8186361?fst=as:off&rh=n:658390051,n:!658391051,n:658683051,n:660294051&bbn=658683051&ie=UTF8&qid=1511789104&rnid=658683051&low-price=1&high-price=2 
细分分类价格链接: https://www.amazon.cn/s/ref=lp_658683051_nr_n_0/460-6313657-8186361?fst=as:off&rh=n:658390051,n:!658391051,n:658683051,n:660294051&bbn=658683051&ie=UTF8&qid=1511789104&rnid=658683051&low-price=3&high-price=4 
细分分类价格链接: https://www.amazon.cn/s/ref=lp_658683051_nr_n_0/460-6313657-8186361?fst=as:off&rh=n:658390051,n:!658391051,n:658683051,n:660294051&bbn=658683051&ie=UTF8&qid=1511789104&rnid=658683051&low-price=5&high-price=6 
细分分类价格链接: https://www.amazon.cn/s/ref=lp_658683051_nr_n_0/460-6313657-8186361?fst=as:off&rh=n:658390051,n:!658391051,n:658683051,n:660294051&bbn=658683051&ie=UTF8&qid=1511789104&rnid=658683051&low-price=7&high-price=8 
细分分类价格链接: https://www.amazon.cn/s/ref=lp_658683051_nr_n_0/460-6313657-8186361?fst=as:off&rh=n:658390051,n:!658391051,n:658683051,n:660294051&bbn=658683051&ie=UTF8&qid=1511789104&rnid=658683051&low-price=9&high-price=10 
细分分类价格链接: https://www.amazon.cn/s/ref=lp_658683051_nr_n_0/460-6313657-8186361?fst=as:off&rh=n:658390051,n:!658391051,n:658683051,n:660294051&bbn=658683051&ie=UTF8&qid=1511789104&rnid=658683051&low-price=11&high-price=12 
细分分类价格链接: https://www.amazon.cn/s/ref=lp_658683051_nr_n_0/460-6313657-8186361?fst=as:off&rh=n:658390051,n:!658391051,n:658683051,n:660294051&bbn=658683051&ie=UTF8&qid=1511789104&rnid=658683051&low-price=13&high-price=14 
细分分类价格链接: https://www.amazon.cn/s/ref=lp_658683051_nr_n_0/460-6313657-8186361?fst=as:off&rh=n:658390051,n:!658391051,n:658683051,n:660294051&bbn=658683051&ie=UTF8&qid=1511789104&rnid=658683051&low-price=15&high-price=16 
细分分类价格链接: https://www.amazon.cn/s/ref=lp_658683051_nr_n_0/460-6313657-8186361?fst=as:off&rh=n:658390051,n:!658391051,n:658683051,n:660294051&bbn=658683051&ie=UTF8&qid=1511789104&rnid=658683051&low-price=17&high-price=18 
细分分类价格链接: https://www.amazon.cn/s/ref=lp_658683051_nr_n_0/460-6313657-8186361?fst=as:off&rh=n:658390051,n:!658391051,n:658683051,n:660294051&bbn=658683051&ie=UTF8&qid=1511789104&rnid=658683051&low-price=19&high-price=20 
细分分类价格链接: https://www.amazon.cn/s/ref=lp_658683051_nr_n_0/460-6313657-8186361?fst=as:off&rh=n:658390051,n:!658391051,n:658683051,n:660294051&bbn=658683051&ie=UTF8&qid=1511789104&rnid=658683051&low-price=21&high-price=22 
细分分类价格链接: https://www.amazon.cn/s/ref=lp_658683051_nr_n_0/460-6313657-8186361?fst=as:off&rh=n:658390051,n:!658391051,n:658683051,n:660294051&bbn=658683051&ie=UTF8&qid=1511789104&rnid=658683051&low-price=23&high-price=24 
细分分类价格链接: https://www.amazon.cn/s/ref=lp_658683051_nr_n_0/460-6313657-8186361?fst=as:off&rh=n:658390051,n:!658391051,n:658683051,n:660294051&bbn=658683051&ie=UTF8&qid=1511789104&rnid=658683051&low-price=25&high-price=26 
细分分类价格链接: https://www.amazon.cn/s/ref=lp_658683051_nr_n_0/460-6313657-8186361?fst=as:off&rh=n:658390051,n:!658391051,n:658683051,n:660294051&bbn=658683051&ie=UTF8&qid=1511789104&rnid=658683051&low-price=27&high-price=28 
细分分类价格链接: https://www.amazon.cn/s/ref=lp_658683051_nr_n_0/460-6313657-8186361?fst=as:off&rh=n:658390051,n:!658391051,n:658683051,n:660294051&bbn=658683051&ie=UTF8&qid=1511789104&rnid=658683051&low-price=29&high-price=30 
细分分类价格链接: https://www.amazon.cn/s/ref=lp_658683051_nr_n_0/460-6313657-8186361?fst=as:off&rh=n:658390051,n:!658391051,n:658683051,n:660294051&bbn=658683051&ie=UTF8&qid=1511789104&rnid=658683051&low-price=31&high-price=32 
细分分类价格链接: https://www.amazon.cn/s/ref=lp_658683051_nr_n_0/460-6313657-8186361?fst=as:off&rh=n:658390051,n:!658391051,n:658683051,n:660294051&bbn=658683051&ie=UTF8&qid=1511789104&rnid=658683051&low-price=33&high-price=34 
细分分类价格链接: https://www.amazon.cn/s/ref=lp_658683051_nr_n_0/460-6313657-8186361?fst=as:off&rh=n:658390051,n:!658391051,n:658683051,n:660294051&bbn=658683051&ie=UTF8&qid=1511789104&rnid=658683051&low-price=35&high-price=36 
细分分类价格链接: https://www.amazon.cn/s/ref=lp_658683051_nr_n_0/460-6313657-8186361?fst=as:off&rh=n:658390051,n:!658391051,n:658683051,n:660294051&bbn=658683051&ie=UTF8&qid=1511789104&rnid=658683051&low-price=37&high-price=38 
细分分类价格链接: https://www.amazon.cn/s/ref=lp_658683051_nr_n_0/460-6313657-8186361?fst=as:off&rh=n:658390051,n:!658391051,n:658683051,n:660294051&bbn=658683051&ie=UTF8&qid=1511789104&rnid=658683051&low-price=39&high-price=40 
细分分类价格链接: https://www.amazon.cn/s/ref=lp_658683051_nr_n_0/460-6313657-8186361?fst=as:off&rh=n:658390051,n:!658391051,n:658683051,n:660294051&bbn=658683051&ie=UTF8&qid=1511789104&rnid=658683051&low-price=41&high-price=42 
细分分类价格链接: https://www.amazon.cn/s/ref=lp_658683051_nr_n_0/460-6313657-8186361?fst=as:off&rh=n:658390051,n:!658391051,n:658683051,n:660294051&bbn=658683051&ie=UTF8&qid=1511789104&rnid=658683051&low-price=43&high-price=44 
细分分类价格链接: https://www.amazon.cn/s/ref=lp_658683051_nr_n_0/460-6313657-8186361?fst=as:off&rh=n:658390051,n:!658391051,n:658683051,n:660294051&bbn=658683051&ie=UTF8&qid=1511789104&rnid=658683051&low-price=45&high-price=46 
细分分类价格链接: https://www.amazon.cn/s/ref=lp_658683051_nr_n_0/460-6313657-8186361?fst=as:off&rh=n:658390051,n:!658391051,n:658683051,n:660294051&bbn=658683051&ie=UTF8&qid=1511789104&rnid=658683051&low-price=47&high-price=48 
细分分类价格链接: https://www.amazon.cn/s/ref=lp_658683051_nr_n_0/460-6313657-8186361?fst=as:off&rh=n:658390051,n:!658391051,n:658683051,n:660294051&bbn=658683051&ie=UTF8&qid=1511789104&rnid=658683051&low-price=49&high-price=50 
细分分类价格链接: https://www.amazon.cn/s/ref=lp_658683051_nr_n_0/460-6313657-8186361?fst=as:off&rh=n:658390051,n:!658391051,n:658683051,n:660294051&bbn=658683051&ie=UTF8&qid=1511789104&rnid=658683051&low-price=51&high-price=52 
细分分类价格链接: https://www.amazon.cn/s/ref=lp_658683051_nr_n_0/460-6313657-8186361?fst=as:off&rh=n:658390051,n:!658391051,n:658683051,n:660294051&bbn=658683051&ie=UTF8&qid=1511789104&rnid=658683051&low-price=53&high-price=54 
细分分类价格链接: https://www.amazon.cn/s/ref=lp_658683051_nr_n_0/460-6313657-8186361?fst=as:off&rh=n:658390051,n:!658391051,n:658683051,n:660294051&bbn=658683051&ie=UTF8&qid=1511789104&rnid=658683051&low-price=55&high-price=56 
细分分类价格链接: https://www.amazon.cn/s/ref=lp_658683051_nr_n_0/460-6313657-8186361?fst=as:off&rh=n:658390051,n:!658391051,n:658683051,n:660294051&bbn=658683051&ie=UTF8&qid=1511789104&rnid=658683051&low-price=57&high-price=58 
细分分类价格链接: https://www.amazon.cn/s/ref=lp_658683051_nr_n_0/460-6313657-8186361?fst=as:off&rh=n:658390051,n:!658391051,n:658683051,n:660294051&bbn=658683051&ie=UTF8&qid=1511789104&rnid=658683051&low-price=59&high-price=60 
细分分类价格链接: https://www.amazon.cn/s/ref=lp_658683051_nr_n_0/460-6313657-8186361?fst=as:off&rh=n:658390051,n:!658391051,n:658683051,n:660294051&bbn=658683051&ie=UTF8&qid=1511789104&rnid=658683051&low-price=61&high-price=62 
细分分类价格链接: https://www.amazon.cn/s/ref=lp_658683051_nr_n_0/460-6313657-8186361?fst=as:off&rh=n:658390051,n:!658391051,n:658683051,n:660294051&bbn=658683051&ie=UTF8&qid=1511789104&rnid=658683051&low-price=63&high-price=64 
细分分类价格链接: https://www.amazon.cn/s/ref=lp_658683051_nr_n_0/460-6313657-8186361?fst=as:off&rh=n:658390051,n:!658391051,n:658683051,n:660294051&bbn=658683051&ie=UTF8&qid=1511789104&rnid=658683051&low-price=65&high-price=66 
细分分类价格链接: https://www.amazon.cn/s/ref=lp_658683051_nr_n_0/460-6313657-8186361?fst=as:off&rh=n:658390051,n:!658391051,n:658683051,n:660294051&bbn=658683051&ie=UTF8&qid=1511789104&rnid=658683051&low-price=67&high-price=68 
细分分类价格链接: https://www.amazon.cn/s/ref=lp_658683051_nr_n_0/460-6313657-8186361?fst=as:off&rh=n:658390051,n:!658391051,n:658683051,n:660294051&bbn=658683051&ie=UTF8&qid=1511789104&rnid=658683051&low-price=69&high-price=70 
细分分类价格链接: https://www.amazon.cn/s/ref=lp_658683051_nr_n_0/460-6313657-8186361?fst=as:off&rh=n:658390051,n:!658391051,n:658683051,n:660294051&bbn=658683051&ie=UTF8&qid=1511789104&rnid=658683051&low-price=71&high-price=72 
细分分类价格链接: https://www.amazon.cn/s/ref=lp_658683051_nr_n_0/460-6313657-8186361?fst=as:off&rh=n:658390051,n:!658391051,n:658683051,n:660294051&bbn=658683051&ie=UTF8&qid=1511789104&rnid=658683051&low-price=73&high-price=74 
细分分类价格链接: https://www.amazon.cn/s/ref=lp_658683051_nr_n_0/460-6313657-8186361?fst=as:off&rh=n:658390051,n:!658391051,n:658683051,n:660294051&bbn=658683051&ie=UTF8&qid=1511789104&rnid=658683051&low-price=75&high-price=76 
细分分类价格链接: https://www.amazon.cn/s/ref=lp_658683051_nr_n_0/460-6313657-8186361?fst=as:off&rh=n:658390051,n:!658391051,n:658683051,n:660294051&bbn=658683051&ie=UTF8&qid=1511789104&rnid=658683051&low-price=77&high-price=78 
细分分类价格链接: https://www.amazon.cn/s/ref=lp_658683051_nr_n_0/460-6313657-8186361?fst=as:off&rh=n:658390051,n:!658391051,n:658683051,n:660294051&bbn=658683051&ie=UTF8&qid=1511789104&rnid=658683051&low-price=79&high-price=80 
细分分类价格链接: https://www.amazon.cn/s/ref=lp_658683051_nr_n_0/460-6313657-8186361?fst=as:off&rh=n:658390051,n:!658391051,n:658683051,n:660294051&bbn=658683051&ie=UTF8&qid=1511789104&rnid=658683051&low-price=81&high-price=82 
细分分类价格链接: https://www.amazon.cn/s/ref=lp_658683051_nr_n_0/460-6313657-8186361?fst=as:off&rh=n:658390051,n:!658391051,n:658683051,n:660294051&bbn=658683051&ie=UTF8&qid=1511789104&rnid=658683051&low-price=83&high-price=84 
细分分类价格链接: https://www.amazon.cn/s/ref=lp_658683051_nr_n_0/460-6313657-8186361?fst=as:off&rh=n:658390051,n:!658391051,n:658683051,n:660294051&bbn=658683051&ie=UTF8&qid=1511789104&rnid=658683051&low-price=85&high-price=86 
细分分类价格链接: https://www.amazon.cn/s/ref=lp_658683051_nr_n_0/460-6313657-8186361?fst=as:off&rh=n:658390051,n:!658391051,n:658683051,n:660294051&bbn=658683051&ie=UTF8&qid=1511789104&rnid=658683051&low-price=87&high-price=88 
细分分类价格链接: https://www.amazon.cn/s/ref=lp_658683051_nr_n_0/460-6313657-8186361?fst=as:off&rh=n:658390051,n:!658391051,n:658683051,n:660294051&bbn=658683051&ie=UTF8&qid=1511789104&rnid=658683051&low-price=89&high-price=90 
细分分类价格链接: https://www.amazon.cn/s/ref=lp_658683051_nr_n_0/460-6313657-8186361?fst=as:off&rh=n:658390051,n:!658391051,n:658683051,n:660294051&bbn=658683051&ie=UTF8&qid=1511789104&rnid=658683051&low-price=91&high-price=92 
细分分类价格链接: https://www.amazon.cn/s/ref=lp_658683051_nr_n_0/460-6313657-8186361?fst=as:off&rh=n:658390051,n:!658391051,n:658683051,n:660294051&bbn=658683051&ie=UTF8&qid=1511789104&rnid=658683051&low-price=93&high-price=94 
细分分类价格链接: https://www.amazon.cn/s/ref=lp_658683051_nr_n_0/460-6313657-8186361?fst=as:off&rh=n:658390051,n:!658391051,n:658683051,n:660294051&bbn=658683051&ie=UTF8&qid=1511789104&rnid=658683051&low-price=95&high-price=96 
细分分类价格链接: https://www.amazon.cn/s/ref=lp_658683051_nr_n_0/460-6313657-8186361?fst=as:off&rh=n:658390051,n:!658391051,n:658683051,n:660294051&bbn=658683051&ie=UTF8&qid=1511789104&rnid=658683051&low-price=97&high-price=98 
细分分类价格链接: https://www.amazon.cn/s/ref=lp_658683051_nr_n_0/460-6313657-8186361?fst=as:off&rh=n:658390051,n:!658391051,n:658683051,n:660294051&bbn=658683051&ie=UTF8&qid=1511789104&rnid=658683051&low-price=99&high-price=100 
